#
# There is insufficient memory for the Java Runtime Environment to continue.
# Native memory allocation (mmap) failed to map 65536 bytes for Failed to commit metaspace.
# Possible reasons:
#   The system is out of physical RAM or swap space
#   The process is running with CompressedOops enabled, and the Java Heap may be blocking the growth of the native heap
# Possible solutions:
#   Reduce memory load on the system
#   Increase physical memory or swap space
#   Check if swap backing store is full
#   Decrease Java heap size (-Xmx/-Xms)
#   Decrease number of Java threads
#   Decrease Java thread stack sizes (-Xss)
#   Set larger code cache with -XX:ReservedCodeCacheSize=
#   JVM is running with Unscaled Compressed Oops mode in which the Java heap is
#     placed in the first 4GB address space. The Java Heap base address is the
#     maximum limit for the native heap growth. Please use -XX:HeapBaseMinAddress
#     to set the Java Heap base and to place the Java Heap above 4GB virtual address.
# This output file may be truncated or incomplete.
#
#  Out of Memory Error (virtualSpaceNode.cpp:110), pid=20732, tid=30080
#
# JRE version: Java(TM) SE Runtime Environment (17.0.7+8) (build 17.0.7+8-LTS-224)
# Java VM: Java HotSpot(TM) 64-Bit Server VM (17.0.7+8-LTS-224, mixed mode, sharing, tiered, compressed oops, compressed class ptrs, g1 gc, windows-amd64)
# No core dump will be written. Minidumps are not enabled by default on client versions of Windows
#

---------------  S U M M A R Y ------------

Command Line: -Dfile.encoding=UTF-8 --module-path=C:\Users\Aksha\OneDrive\Documents\NetBeansProjects\bank managment system\build\classes bank.managment.system.SignOne

Host: AMD Ryzen 5 5500U with Radeon Graphics         , 12 cores, 7G,  Windows 11 , 64 bit Build 22621 (10.0.22621.2506)
Time: Wed Jan 17 14:52:38 2024 India Standard Time elapsed time: 933.920766 seconds (0d 0h 15m 33s)

---------------  T H R E A D  ---------------

Current thread (0x00000244ad6646b0):  JavaThread "AWT-EventQueue-0" [_thread_in_vm, id=30080, stack(0x0000006c92200000,0x0000006c92300000)]

Stack: [0x0000006c92200000,0x0000006c92300000]
Native frames: (J=compiled Java code, j=interpreted, Vv=VM code, C=native code)
V  [jvm.dll+0x676a4a]
V  [jvm.dll+0x7d74f4]
V  [jvm.dll+0x7d8c9e]
V  [jvm.dll+0x7d9303]
V  [jvm.dll+0x2452c5]
V  [jvm.dll+0x7d35fb]
V  [jvm.dll+0x61ca36]
V  [jvm.dll+0x1bfbf7]
V  [jvm.dll+0x61f390]
V  [jvm.dll+0x61d3f6]
V  [jvm.dll+0x239a0f]
V  [jvm.dll+0x6270b5]
V  [jvm.dll+0x1e96ad]
V  [jvm.dll+0x1e9c75]
V  [jvm.dll+0x1ea5bb]
V  [jvm.dll+0x1dfdc1]
V  [jvm.dll+0x53cf0c]
V  [jvm.dll+0x1f06da]
V  [jvm.dll+0x75156d]
V  [jvm.dll+0x752953]
V  [jvm.dll+0x752c88]
V  [jvm.dll+0x23d78b]
V  [jvm.dll+0x37cdde]
C  0x0000024498a3b80d

Java frames: (J=compiled Java code, j=interpreted, Vv=VM code)
j  sun.java2d.loops.Blit.makePrimitive(Lsun/java2d/loops/SurfaceType;Lsun/java2d/loops/CompositeType;Lsun/java2d/loops/SurfaceType;)Lsun/java2d/loops/GraphicsPrimitive;+41 java.desktop@17.0.7
j  sun.java2d.loops.GraphicsPrimitiveMgr.locate(ILsun/java2d/loops/SurfaceType;Lsun/java2d/loops/CompositeType;Lsun/java2d/loops/SurfaceType;)Lsun/java2d/loops/GraphicsPrimitive;+30 java.desktop@17.0.7
j  sun.java2d.loops.Blit.locate(Lsun/java2d/loops/SurfaceType;Lsun/java2d/loops/CompositeType;Lsun/java2d/loops/SurfaceType;)Lsun/java2d/loops/Blit;+6 java.desktop@17.0.7
j  sun.java2d.loops.DrawGlyphListColor$General.<init>(Lsun/java2d/loops/SurfaceType;Lsun/java2d/loops/CompositeType;Lsun/java2d/loops/SurfaceType;)V+15 java.desktop@17.0.7
j  sun.java2d.loops.DrawGlyphListColor.makePrimitive(Lsun/java2d/loops/SurfaceType;Lsun/java2d/loops/CompositeType;Lsun/java2d/loops/SurfaceType;)Lsun/java2d/loops/GraphicsPrimitive;+7 java.desktop@17.0.7
j  sun.java2d.loops.GraphicsPrimitiveMgr.locate(ILsun/java2d/loops/SurfaceType;Lsun/java2d/loops/CompositeType;Lsun/java2d/loops/SurfaceType;)Lsun/java2d/loops/GraphicsPrimitive;+30 java.desktop@17.0.7
j  sun.java2d.loops.DrawGlyphListColor.locate(Lsun/java2d/loops/SurfaceType;Lsun/java2d/loops/CompositeType;Lsun/java2d/loops/SurfaceType;)Lsun/java2d/loops/DrawGlyphListColor;+6 java.desktop@17.0.7
j  sun.java2d.SurfaceData.makeRenderLoops(Lsun/java2d/loops/SurfaceType;Lsun/java2d/loops/CompositeType;Lsun/java2d/loops/SurfaceType;)Lsun/java2d/loops/RenderLoops;+132 java.desktop@17.0.7
j  sun.awt.image.BufImgSurfaceData.getSolidLoops(Lsun/java2d/loops/SurfaceType;)Lsun/java2d/loops/RenderLoops;+43 java.desktop@17.0.7
j  sun.awt.image.BufImgSurfaceData.initSolidLoops()V+5 java.desktop@17.0.7
j  sun.awt.image.BufImgSurfaceData.createData(Ljava/awt/image/BufferedImage;DD)Lsun/java2d/SurfaceData;+903 java.desktop@17.0.7
j  sun.awt.image.VolatileSurfaceManager.getBackupSurface()Lsun/java2d/SurfaceData;+63 java.desktop@17.0.7
j  sun.awt.image.VolatileSurfaceManager.displayChanged()V+33 java.desktop@17.0.7
j  sun.awt.SunDisplayChanger.notifyListeners()V+105 java.desktop@17.0.7
j  sun.awt.Win32GraphicsEnvironment.displayChanged()V+291 java.desktop@17.0.7
j  sun.awt.windows.WToolkit.lambda$displayChanged$4()V+15 java.desktop@17.0.7
j  sun.awt.windows.WToolkit$$Lambda$143+0x0000000800cd8358.run()V+0 java.desktop@17.0.7
j  java.awt.event.InvocationEvent.dispatch()V+47 java.desktop@17.0.7
j  java.awt.EventQueue.dispatchEventImpl(Ljava/awt/AWTEvent;Ljava/lang/Object;)V+21 java.desktop@17.0.7
j  java.awt.EventQueue$4.run()Ljava/lang/Void;+32 java.desktop@17.0.7
j  java.awt.EventQueue$4.run()Ljava/lang/Object;+1 java.desktop@17.0.7
J 1129 c1 java.security.ProtectionDomain$JavaSecurityAccessImpl.doIntersectionPrivilege(Ljava/security/PrivilegedAction;Ljava/security/AccessControlContext;Ljava/security/AccessControlContext;)Ljava/lang/Object; java.base@17.0.7 (22 bytes) @ 0x00000244916a64b4 [0x00000244916a6220+0x0000000000000294]
j  java.awt.EventQueue.dispatchEvent(Ljava/awt/AWTEvent;)V+46 java.desktop@17.0.7
J 1212 c1 java.awt.EventDispatchThread.pumpOneEventForFilters(I)V java.desktop@17.0.7 (113 bytes) @ 0x00000244916c2c24 [0x00000244916c25a0+0x0000000000000684]
j  java.awt.EventDispatchThread.pumpEventsForFilter(ILjava/awt/Conditional;Ljava/awt/EventFilter;)V+35 java.desktop@17.0.7
j  java.awt.EventDispatchThread.pumpEventsForHierarchy(ILjava/awt/Conditional;Ljava/awt/Component;)V+11 java.desktop@17.0.7
j  java.awt.EventDispatchThread.pumpEvents(ILjava/awt/Conditional;)V+4 java.desktop@17.0.7
j  java.awt.EventDispatchThread.pumpEvents(Ljava/awt/Conditional;)V+3 java.desktop@17.0.7
j  java.awt.EventDispatchThread.run()V+9 java.desktop@17.0.7
v  ~StubRoutines::call_stub

---------------  P R O C E S S  ---------------

Threads class SMR info:
_java_thread_list=0x00000244ad7f9c60, length=18, elements={
0x00000244a7c30f00, 0x00000244a7c31b70, 0x00000244a7c44f60, 0x00000244a7c47840,
0x00000244a7c48100, 0x00000244a7c49dd0, 0x00000244a7c4a9c0, 0x00000244a7c4b2c0,
0x00000244a7c5d0f0, 0x00000244a8893320, 0x00000244a895c440, 0x00000244a8ac8450,
0x00000244a8adaba0, 0x00000244a8b1eef0, 0x00000244ad6646b0, 0x00000244ad665520,
0x00000244ad6659f0, 0x00000244ad666390
}

Java Threads: ( => current thread )
  0x00000244a7c30f00 JavaThread "Reference Handler" daemon [_thread_blocked, id=29300, stack(0x0000006c90800000,0x0000006c90900000)]
  0x00000244a7c31b70 JavaThread "Finalizer" daemon [_thread_blocked, id=12708, stack(0x0000006c90900000,0x0000006c90a00000)]
  0x00000244a7c44f60 JavaThread "Signal Dispatcher" daemon [_thread_blocked, id=13896, stack(0x0000006c90a00000,0x0000006c90b00000)]
  0x00000244a7c47840 JavaThread "Attach Listener" daemon [_thread_blocked, id=31588, stack(0x0000006c90b00000,0x0000006c90c00000)]
  0x00000244a7c48100 JavaThread "Service Thread" daemon [_thread_blocked, id=1632, stack(0x0000006c90c00000,0x0000006c90d00000)]
  0x00000244a7c49dd0 JavaThread "Monitor Deflation Thread" daemon [_thread_blocked, id=32048, stack(0x0000006c90d00000,0x0000006c90e00000)]
  0x00000244a7c4a9c0 JavaThread "C2 CompilerThread0" daemon [_thread_blocked, id=30268, stack(0x0000006c90e00000,0x0000006c90f00000)]
  0x00000244a7c4b2c0 JavaThread "C1 CompilerThread0" daemon [_thread_blocked, id=29984, stack(0x0000006c90f00000,0x0000006c91000000)]
  0x00000244a7c5d0f0 JavaThread "Sweeper thread" daemon [_thread_blocked, id=31824, stack(0x0000006c91000000,0x0000006c91100000)]
  0x00000244a8893320 JavaThread "Common-Cleaner" daemon [_thread_blocked, id=18076, stack(0x0000006c91100000,0x0000006c91200000)]
  0x00000244a895c440 JavaThread "Notification Thread" daemon [_thread_blocked, id=8688, stack(0x0000006c91200000,0x0000006c91300000)]
  0x00000244a8ac8450 JavaThread "Java2D Disposer" daemon [_thread_blocked, id=6112, stack(0x0000006c91400000,0x0000006c91500000)]
  0x00000244a8adaba0 JavaThread "AWT-Shutdown" [_thread_blocked, id=13588, stack(0x0000006c91500000,0x0000006c91600000)]
  0x00000244a8b1eef0 JavaThread "AWT-Windows" daemon [_thread_in_native, id=28032, stack(0x0000006c91600000,0x0000006c91700000)]
=>0x00000244ad6646b0 JavaThread "AWT-EventQueue-0" [_thread_in_vm, id=30080, stack(0x0000006c92200000,0x0000006c92300000)]
  0x00000244ad665520 JavaThread "DestroyJavaVM" [_thread_blocked, id=20764, stack(0x0000006c90100000,0x0000006c90200000)]
  0x00000244ad6659f0 JavaThread "D3D Screen Updater" daemon [_thread_blocked, id=13304, stack(0x0000006c92400000,0x0000006c92500000)]
  0x00000244ad666390 JavaThread "TimerQueue" daemon [_thread_blocked, id=22692, stack(0x0000006c92100000,0x0000006c92200000)]

Other Threads:
  0x00000244a7c2d010 VMThread "VM Thread" [stack: 0x0000006c90700000,0x0000006c90800000] [id=9920]
  0x0000024489cd7ce0 WatcherThread [stack: 0x0000006c91300000,0x0000006c91400000] [id=29860]
  0x0000024489cc1e50 GCTaskThread "GC Thread#0" [stack: 0x0000006c90200000,0x0000006c90300000] [id=1908]
  0x0000024489cd1710 ConcurrentGCThread "G1 Main Marker" [stack: 0x0000006c90300000,0x0000006c90400000] [id=22468]
  0x0000024489cd2020 ConcurrentGCThread "G1 Conc#0" [stack: 0x0000006c90400000,0x0000006c90500000] [id=27328]
  0x00000244a7ab20b0 ConcurrentGCThread "G1 Refine#0" [stack: 0x0000006c90500000,0x0000006c90600000] [id=14032]
  0x00000244a7ab29d0 ConcurrentGCThread "G1 Service" [stack: 0x0000006c90600000,0x0000006c90700000] [id=22984]

Threads with active compile tasks:

VM state: not at safepoint (normal execution)

VM Mutex/Monitor currently owned by a thread:  ([mutex/lock_event])
[0x0000024489c632e0] Metaspace_lock - owner thread: 0x00000244ad6646b0

Heap address: 0x000000008ac00000, size: 1876 MB, Compressed Oops mode: 32-bit

CDS archive(s) mapped at: [0x0000000800000000-0x0000000800bd0000-0x0000000800bd0000), size 12386304, SharedBaseAddress: 0x0000000800000000, ArchiveRelocationMode: 0.
Compressed class space mapped at: 0x0000000800c00000-0x0000000840c00000, reserved size: 1073741824
Narrow klass base: 0x0000000800000000, Narrow klass shift: 0, Narrow klass range: 0x100000000

GC Precious Log:
 CPUs: 12 total, 12 available
 Memory: 7502M
 Large Page Support: Disabled
 NUMA Support: Disabled
 Compressed Oops: Enabled (32-bit)
 Heap Region Size: 1M
 Heap Min Capacity: 8M
 Heap Initial Capacity: 118M
 Heap Max Capacity: 1876M
 Pre-touch: Disabled
 Parallel Workers: 10
 Concurrent Workers: 3
 Concurrent Refinement Workers: 10
 Periodic GC: Disabled

Heap:
 garbage-first heap   total 120832K, used 20480K [0x000000008ac00000, 0x0000000100000000)
  region size 1024K, 17 young (17408K), 0 survivors (0K)
 Metaspace       used 8072K, committed 8256K, reserved 1056768K
  class space    used 922K, committed 1024K, reserved 1048576K

Heap Regions: E=young(eden), S=young(survivor), O=old, HS=humongous(starts), HC=humongous(continues), CS=collection set, F=free, OA=open archive, CA=closed archive, TAMS=top-at-mark-start (previous, next)
|   0|0x000000008ac00000, 0x000000008ad00000, 0x000000008ad00000|100%|HS|  |TAMS 0x000000008ac00000, 0x000000008ac00000| Complete 
|   1|0x000000008ad00000, 0x000000008ae00000, 0x000000008ae00000|100%|HC|  |TAMS 0x000000008ad00000, 0x000000008ad00000| Complete 
|   2|0x000000008ae00000, 0x000000008af00000, 0x000000008af00000|100%|HC|  |TAMS 0x000000008ae00000, 0x000000008ae00000| Complete 
|   3|0x000000008af00000, 0x000000008b000000, 0x000000008b000000|100%|HC|  |TAMS 0x000000008af00000, 0x000000008af00000| Complete 
|   4|0x000000008b000000, 0x000000008b000000, 0x000000008b100000|  0%| F|  |TAMS 0x000000008b000000, 0x000000008b000000| Untracked 
|   5|0x000000008b100000, 0x000000008b100000, 0x000000008b200000|  0%| F|  |TAMS 0x000000008b100000, 0x000000008b100000| Untracked 
|   6|0x000000008b200000, 0x000000008b200000, 0x000000008b300000|  0%| F|  |TAMS 0x000000008b200000, 0x000000008b200000| Untracked 
|   7|0x000000008b300000, 0x000000008b300000, 0x000000008b400000|  0%| F|  |TAMS 0x000000008b300000, 0x000000008b300000| Untracked 
|   8|0x000000008b400000, 0x000000008b400000, 0x000000008b500000|  0%| F|  |TAMS 0x000000008b400000, 0x000000008b400000| Untracked 
|   9|0x000000008b500000, 0x000000008b500000, 0x000000008b600000|  0%| F|  |TAMS 0x000000008b500000, 0x000000008b500000| Untracked 
|  10|0x000000008b600000, 0x000000008b600000, 0x000000008b700000|  0%| F|  |TAMS 0x000000008b600000, 0x000000008b600000| Untracked 
|  11|0x000000008b700000, 0x000000008b700000, 0x000000008b800000|  0%| F|  |TAMS 0x000000008b700000, 0x000000008b700000| Untracked 
|  12|0x000000008b800000, 0x000000008b800000, 0x000000008b900000|  0%| F|  |TAMS 0x000000008b800000, 0x000000008b800000| Untracked 
|  13|0x000000008b900000, 0x000000008b900000, 0x000000008ba00000|  0%| F|  |TAMS 0x000000008b900000, 0x000000008b900000| Untracked 
|  14|0x000000008ba00000, 0x000000008ba00000, 0x000000008bb00000|  0%| F|  |TAMS 0x000000008ba00000, 0x000000008ba00000| Untracked 
|  15|0x000000008bb00000, 0x000000008bb00000, 0x000000008bc00000|  0%| F|  |TAMS 0x000000008bb00000, 0x000000008bb00000| Untracked 
|  16|0x000000008bc00000, 0x000000008bc00000, 0x000000008bd00000|  0%| F|  |TAMS 0x000000008bc00000, 0x000000008bc00000| Untracked 
|  17|0x000000008bd00000, 0x000000008bd00000, 0x000000008be00000|  0%| F|  |TAMS 0x000000008bd00000, 0x000000008bd00000| Untracked 
|  18|0x000000008be00000, 0x000000008be00000, 0x000000008bf00000|  0%| F|  |TAMS 0x000000008be00000, 0x000000008be00000| Untracked 
|  19|0x000000008bf00000, 0x000000008bf00000, 0x000000008c000000|  0%| F|  |TAMS 0x000000008bf00000, 0x000000008bf00000| Untracked 
|  20|0x000000008c000000, 0x000000008c000000, 0x000000008c100000|  0%| F|  |TAMS 0x000000008c000000, 0x000000008c000000| Untracked 
|  21|0x000000008c100000, 0x000000008c100000, 0x000000008c200000|  0%| F|  |TAMS 0x000000008c100000, 0x000000008c100000| Untracked 
|  22|0x000000008c200000, 0x000000008c200000, 0x000000008c300000|  0%| F|  |TAMS 0x000000008c200000, 0x000000008c200000| Untracked 
|  23|0x000000008c300000, 0x000000008c300000, 0x000000008c400000|  0%| F|  |TAMS 0x000000008c300000, 0x000000008c300000| Untracked 
|  24|0x000000008c400000, 0x000000008c400000, 0x000000008c500000|  0%| F|  |TAMS 0x000000008c400000, 0x000000008c400000| Untracked 
|  25|0x000000008c500000, 0x000000008c500000, 0x000000008c600000|  0%| F|  |TAMS 0x000000008c500000, 0x000000008c500000| Untracked 
|  26|0x000000008c600000, 0x000000008c600000, 0x000000008c700000|  0%| F|  |TAMS 0x000000008c600000, 0x000000008c600000| Untracked 
|  27|0x000000008c700000, 0x000000008c700000, 0x000000008c800000|  0%| F|  |TAMS 0x000000008c700000, 0x000000008c700000| Untracked 
|  28|0x000000008c800000, 0x000000008c800000, 0x000000008c900000|  0%| F|  |TAMS 0x000000008c800000, 0x000000008c800000| Untracked 
|  29|0x000000008c900000, 0x000000008c900000, 0x000000008ca00000|  0%| F|  |TAMS 0x000000008c900000, 0x000000008c900000| Untracked 
|  30|0x000000008ca00000, 0x000000008ca00000, 0x000000008cb00000|  0%| F|  |TAMS 0x000000008ca00000, 0x000000008ca00000| Untracked 
|  31|0x000000008cb00000, 0x000000008cb00000, 0x000000008cc00000|  0%| F|  |TAMS 0x000000008cb00000, 0x000000008cb00000| Untracked 
|  32|0x000000008cc00000, 0x000000008cc00000, 0x000000008cd00000|  0%| F|  |TAMS 0x000000008cc00000, 0x000000008cc00000| Untracked 
|  33|0x000000008cd00000, 0x000000008cd00000, 0x000000008ce00000|  0%| F|  |TAMS 0x000000008cd00000, 0x000000008cd00000| Untracked 
|  34|0x000000008ce00000, 0x000000008ce00000, 0x000000008cf00000|  0%| F|  |TAMS 0x000000008ce00000, 0x000000008ce00000| Untracked 
|  35|0x000000008cf00000, 0x000000008cf00000, 0x000000008d000000|  0%| F|  |TAMS 0x000000008cf00000, 0x000000008cf00000| Untracked 
|  36|0x000000008d000000, 0x000000008d000000, 0x000000008d100000|  0%| F|  |TAMS 0x000000008d000000, 0x000000008d000000| Untracked 
|  37|0x000000008d100000, 0x000000008d100000, 0x000000008d200000|  0%| F|  |TAMS 0x000000008d100000, 0x000000008d100000| Untracked 
|  38|0x000000008d200000, 0x000000008d200000, 0x000000008d300000|  0%| F|  |TAMS 0x000000008d200000, 0x000000008d200000| Untracked 
|  39|0x000000008d300000, 0x000000008d300000, 0x000000008d400000|  0%| F|  |TAMS 0x000000008d300000, 0x000000008d300000| Untracked 
|  40|0x000000008d400000, 0x000000008d400000, 0x000000008d500000|  0%| F|  |TAMS 0x000000008d400000, 0x000000008d400000| Untracked 
|  41|0x000000008d500000, 0x000000008d500000, 0x000000008d600000|  0%| F|  |TAMS 0x000000008d500000, 0x000000008d500000| Untracked 
|  42|0x000000008d600000, 0x000000008d600000, 0x000000008d700000|  0%| F|  |TAMS 0x000000008d600000, 0x000000008d600000| Untracked 
|  43|0x000000008d700000, 0x000000008d700000, 0x000000008d800000|  0%| F|  |TAMS 0x000000008d700000, 0x000000008d700000| Untracked 
|  44|0x000000008d800000, 0x000000008d800000, 0x000000008d900000|  0%| F|  |TAMS 0x000000008d800000, 0x000000008d800000| Untracked 
|  45|0x000000008d900000, 0x000000008d900000, 0x000000008da00000|  0%| F|  |TAMS 0x000000008d900000, 0x000000008d900000| Untracked 
|  46|0x000000008da00000, 0x000000008da00000, 0x000000008db00000|  0%| F|  |TAMS 0x000000008da00000, 0x000000008da00000| Untracked 
|  47|0x000000008db00000, 0x000000008db00000, 0x000000008dc00000|  0%| F|  |TAMS 0x000000008db00000, 0x000000008db00000| Untracked 
|  48|0x000000008dc00000, 0x000000008dc00000, 0x000000008dd00000|  0%| F|  |TAMS 0x000000008dc00000, 0x000000008dc00000| Untracked 
|  49|0x000000008dd00000, 0x000000008dd00000, 0x000000008de00000|  0%| F|  |TAMS 0x000000008dd00000, 0x000000008dd00000| Untracked 
|  50|0x000000008de00000, 0x000000008de00000, 0x000000008df00000|  0%| F|  |TAMS 0x000000008de00000, 0x000000008de00000| Untracked 
|  51|0x000000008df00000, 0x000000008df00000, 0x000000008e000000|  0%| F|  |TAMS 0x000000008df00000, 0x000000008df00000| Untracked 
|  52|0x000000008e000000, 0x000000008e000000, 0x000000008e100000|  0%| F|  |TAMS 0x000000008e000000, 0x000000008e000000| Untracked 
|  53|0x000000008e100000, 0x000000008e100000, 0x000000008e200000|  0%| F|  |TAMS 0x000000008e100000, 0x000000008e100000| Untracked 
|  54|0x000000008e200000, 0x000000008e200000, 0x000000008e300000|  0%| F|  |TAMS 0x000000008e200000, 0x000000008e200000| Untracked 
|  55|0x000000008e300000, 0x000000008e300000, 0x000000008e400000|  0%| F|  |TAMS 0x000000008e300000, 0x000000008e300000| Untracked 
|  56|0x000000008e400000, 0x000000008e400000, 0x000000008e500000|  0%| F|  |TAMS 0x000000008e400000, 0x000000008e400000| Untracked 
|  57|0x000000008e500000, 0x000000008e500000, 0x000000008e600000|  0%| F|  |TAMS 0x000000008e500000, 0x000000008e500000| Untracked 
|  58|0x000000008e600000, 0x000000008e600000, 0x000000008e700000|  0%| F|  |TAMS 0x000000008e600000, 0x000000008e600000| Untracked 
|  59|0x000000008e700000, 0x000000008e700000, 0x000000008e800000|  0%| F|  |TAMS 0x000000008e700000, 0x000000008e700000| Untracked 
|  60|0x000000008e800000, 0x000000008e800000, 0x000000008e900000|  0%| F|  |TAMS 0x000000008e800000, 0x000000008e800000| Untracked 
|  61|0x000000008e900000, 0x000000008e900000, 0x000000008ea00000|  0%| F|  |TAMS 0x000000008e900000, 0x000000008e900000| Untracked 
|  62|0x000000008ea00000, 0x000000008ea00000, 0x000000008eb00000|  0%| F|  |TAMS 0x000000008ea00000, 0x000000008ea00000| Untracked 
|  63|0x000000008eb00000, 0x000000008eb00000, 0x000000008ec00000|  0%| F|  |TAMS 0x000000008eb00000, 0x000000008eb00000| Untracked 
|  64|0x000000008ec00000, 0x000000008ec00000, 0x000000008ed00000|  0%| F|  |TAMS 0x000000008ec00000, 0x000000008ec00000| Untracked 
|  65|0x000000008ed00000, 0x000000008ed00000, 0x000000008ee00000|  0%| F|  |TAMS 0x000000008ed00000, 0x000000008ed00000| Untracked 
|  66|0x000000008ee00000, 0x000000008ee00000, 0x000000008ef00000|  0%| F|  |TAMS 0x000000008ee00000, 0x000000008ee00000| Untracked 
|  67|0x000000008ef00000, 0x000000008ef00000, 0x000000008f000000|  0%| F|  |TAMS 0x000000008ef00000, 0x000000008ef00000| Untracked 
|  68|0x000000008f000000, 0x000000008f000000, 0x000000008f100000|  0%| F|  |TAMS 0x000000008f000000, 0x000000008f000000| Untracked 
|  69|0x000000008f100000, 0x000000008f100000, 0x000000008f200000|  0%| F|  |TAMS 0x000000008f100000, 0x000000008f100000| Untracked 
|  70|0x000000008f200000, 0x000000008f200000, 0x000000008f300000|  0%| F|  |TAMS 0x000000008f200000, 0x000000008f200000| Untracked 
|  71|0x000000008f300000, 0x000000008f300000, 0x000000008f400000|  0%| F|  |TAMS 0x000000008f300000, 0x000000008f300000| Untracked 
|  72|0x000000008f400000, 0x000000008f400000, 0x000000008f500000|  0%| F|  |TAMS 0x000000008f400000, 0x000000008f400000| Untracked 
|  73|0x000000008f500000, 0x000000008f500000, 0x000000008f600000|  0%| F|  |TAMS 0x000000008f500000, 0x000000008f500000| Untracked 
|  74|0x000000008f600000, 0x000000008f600000, 0x000000008f700000|  0%| F|  |TAMS 0x000000008f600000, 0x000000008f600000| Untracked 
|  75|0x000000008f700000, 0x000000008f700000, 0x000000008f800000|  0%| F|  |TAMS 0x000000008f700000, 0x000000008f700000| Untracked 
|  76|0x000000008f800000, 0x000000008f800000, 0x000000008f900000|  0%| F|  |TAMS 0x000000008f800000, 0x000000008f800000| Untracked 
|  77|0x000000008f900000, 0x000000008f900000, 0x000000008fa00000|  0%| F|  |TAMS 0x000000008f900000, 0x000000008f900000| Untracked 
|  78|0x000000008fa00000, 0x000000008fa00000, 0x000000008fb00000|  0%| F|  |TAMS 0x000000008fa00000, 0x000000008fa00000| Untracked 
|  79|0x000000008fb00000, 0x000000008fb00000, 0x000000008fc00000|  0%| F|  |TAMS 0x000000008fb00000, 0x000000008fb00000| Untracked 
|  80|0x000000008fc00000, 0x000000008fc00000, 0x000000008fd00000|  0%| F|  |TAMS 0x000000008fc00000, 0x000000008fc00000| Untracked 
|  81|0x000000008fd00000, 0x000000008fd00000, 0x000000008fe00000|  0%| F|  |TAMS 0x000000008fd00000, 0x000000008fd00000| Untracked 
|  82|0x000000008fe00000, 0x000000008fe00000, 0x000000008ff00000|  0%| F|  |TAMS 0x000000008fe00000, 0x000000008fe00000| Untracked 
|  83|0x000000008ff00000, 0x000000008ff00000, 0x0000000090000000|  0%| F|  |TAMS 0x000000008ff00000, 0x000000008ff00000| Untracked 
|  84|0x0000000090000000, 0x0000000090000000, 0x0000000090100000|  0%| F|  |TAMS 0x0000000090000000, 0x0000000090000000| Untracked 
|  85|0x0000000090100000, 0x0000000090100000, 0x0000000090200000|  0%| F|  |TAMS 0x0000000090100000, 0x0000000090100000| Untracked 
|  86|0x0000000090200000, 0x0000000090200000, 0x0000000090300000|  0%| F|  |TAMS 0x0000000090200000, 0x0000000090200000| Untracked 
|  87|0x0000000090300000, 0x0000000090300000, 0x0000000090400000|  0%| F|  |TAMS 0x0000000090300000, 0x0000000090300000| Untracked 
|  88|0x0000000090400000, 0x0000000090400000, 0x0000000090500000|  0%| F|  |TAMS 0x0000000090400000, 0x0000000090400000| Untracked 
|  89|0x0000000090500000, 0x0000000090500000, 0x0000000090600000|  0%| F|  |TAMS 0x0000000090500000, 0x0000000090500000| Untracked 
|  90|0x0000000090600000, 0x0000000090600000, 0x0000000090700000|  0%| F|  |TAMS 0x0000000090600000, 0x0000000090600000| Untracked 
|  91|0x0000000090700000, 0x0000000090700000, 0x0000000090800000|  0%| F|  |TAMS 0x0000000090700000, 0x0000000090700000| Untracked 
|  92|0x0000000090800000, 0x0000000090800000, 0x0000000090900000|  0%| F|  |TAMS 0x0000000090800000, 0x0000000090800000| Untracked 
|  93|0x0000000090900000, 0x0000000090900000, 0x0000000090a00000|  0%| F|  |TAMS 0x0000000090900000, 0x0000000090900000| Untracked 
|  94|0x0000000090a00000, 0x0000000090a00000, 0x0000000090b00000|  0%| F|  |TAMS 0x0000000090a00000, 0x0000000090a00000| Untracked 
|  95|0x0000000090b00000, 0x0000000090b00000, 0x0000000090c00000|  0%| F|  |TAMS 0x0000000090b00000, 0x0000000090b00000| Untracked 
|  96|0x0000000090c00000, 0x0000000090c00000, 0x0000000090d00000|  0%| F|  |TAMS 0x0000000090c00000, 0x0000000090c00000| Untracked 
|  97|0x0000000090d00000, 0x0000000090d00000, 0x0000000090e00000|  0%| F|  |TAMS 0x0000000090d00000, 0x0000000090d00000| Untracked 
|  98|0x0000000090e00000, 0x0000000090e00000, 0x0000000090f00000|  0%| F|  |TAMS 0x0000000090e00000, 0x0000000090e00000| Untracked 
|  99|0x0000000090f00000, 0x0000000090f00000, 0x0000000091000000|  0%| F|  |TAMS 0x0000000090f00000, 0x0000000090f00000| Untracked 
| 100|0x0000000091000000, 0x0000000091000000, 0x0000000091100000|  0%| F|  |TAMS 0x0000000091000000, 0x0000000091000000| Untracked 
| 101|0x0000000091100000, 0x0000000091176440, 0x0000000091200000| 46%| E|  |TAMS 0x0000000091100000, 0x0000000091100000| Complete 
| 102|0x0000000091200000, 0x0000000091300000, 0x0000000091300000|100%| E|CS|TAMS 0x0000000091200000, 0x0000000091200000| Complete 
| 103|0x0000000091300000, 0x0000000091400000, 0x0000000091400000|100%| E|CS|TAMS 0x0000000091300000, 0x0000000091300000| Complete 
| 104|0x0000000091400000, 0x0000000091500000, 0x0000000091500000|100%| E|CS|TAMS 0x0000000091400000, 0x0000000091400000| Complete 
| 105|0x0000000091500000, 0x0000000091600000, 0x0000000091600000|100%| E|CS|TAMS 0x0000000091500000, 0x0000000091500000| Complete 
| 106|0x0000000091600000, 0x0000000091700000, 0x0000000091700000|100%| E|CS|TAMS 0x0000000091600000, 0x0000000091600000| Complete 
| 107|0x0000000091700000, 0x0000000091800000, 0x0000000091800000|100%| E|CS|TAMS 0x0000000091700000, 0x0000000091700000| Complete 
| 108|0x0000000091800000, 0x0000000091900000, 0x0000000091900000|100%| E|CS|TAMS 0x0000000091800000, 0x0000000091800000| Complete 
| 109|0x0000000091900000, 0x0000000091a00000, 0x0000000091a00000|100%| E|CS|TAMS 0x0000000091900000, 0x0000000091900000| Complete 
| 110|0x0000000091a00000, 0x0000000091b00000, 0x0000000091b00000|100%| E|CS|TAMS 0x0000000091a00000, 0x0000000091a00000| Complete 
| 111|0x0000000091b00000, 0x0000000091c00000, 0x0000000091c00000|100%| E|CS|TAMS 0x0000000091b00000, 0x0000000091b00000| Complete 
| 112|0x0000000091c00000, 0x0000000091d00000, 0x0000000091d00000|100%| E|CS|TAMS 0x0000000091c00000, 0x0000000091c00000| Complete 
| 113|0x0000000091d00000, 0x0000000091e00000, 0x0000000091e00000|100%| E|CS|TAMS 0x0000000091d00000, 0x0000000091d00000| Complete 
| 114|0x0000000091e00000, 0x0000000091f00000, 0x0000000091f00000|100%| E|CS|TAMS 0x0000000091e00000, 0x0000000091e00000| Complete 
| 115|0x0000000091f00000, 0x0000000092000000, 0x0000000092000000|100%| E|CS|TAMS 0x0000000091f00000, 0x0000000091f00000| Complete 
| 116|0x0000000092000000, 0x0000000092100000, 0x0000000092100000|100%| E|CS|TAMS 0x0000000092000000, 0x0000000092000000| Complete 
| 117|0x0000000092100000, 0x0000000092200000, 0x0000000092200000|100%| E|CS|TAMS 0x0000000092100000, 0x0000000092100000| Complete 

Card table byte_map: [0x00000244a0df0000,0x00000244a11a0000] _byte_map_base: 0x00000244a099a000

Marking Bits (Prev, Next): (CMBitMap*) 0x0000024489cc2360, (CMBitMap*) 0x0000024489cc23a0
 Prev Bits: [0x00000244a1550000, 0x00000244a32a0000)
 Next Bits: [0x00000244a32a0000, 0x00000244a4ff0000)

Polling page: 0x0000024487ba0000

Metaspace:

Usage:
  Non-class:      6.98 MB used.
      Class:    922.16 KB used.
       Both:      7.88 MB used.

Virtual space:
  Non-class space:        8.00 MB reserved,       7.06 MB ( 88%) committed,  1 nodes.
      Class space:        1.00 GB reserved,       1.00 MB ( <1%) committed,  1 nodes.
             Both:        1.01 GB reserved,       8.06 MB ( <1%) committed. 

Chunk freelists:
   Non-Class:  497.00 KB
       Class:  3.05 MB
        Both:  3.54 MB

MaxMetaspaceSize: unlimited
CompressedClassSpaceSize: 1.00 GB
Initial GC threshold: 21.00 MB
Current GC threshold: 21.00 MB
CDS: on
MetaspaceReclaimPolicy: balanced
 - commit_granule_bytes: 65536.
 - commit_granule_words: 8192.
 - virtual_space_node_default_size: 1048576.
 - enlarge_chunks_in_place: 1.
 - new_chunks_are_fully_committed: 0.
 - uncommit_free_chunks: 1.
 - use_allocation_guard: 0.
 - handle_deallocations: 1.


Internal statistics:

num_allocs_failed_limit: 0.
num_arena_births: 118.
num_arena_deaths: 0.
num_vsnodes_births: 2.
num_vsnodes_deaths: 0.
num_space_committed: 129.
num_space_uncommitted: 0.
num_chunks_returned_to_freelist: 0.
num_chunks_taken_from_freelist: 168.
num_chunk_merges: 0.
num_chunk_splits: 91.
num_chunks_enlarged: 27.
num_purges: 0.
num_inconsistent_stats: 0.

CodeHeap 'non-profiled nmethods': size=120000Kb used=382Kb max_used=382Kb free=119617Kb
 bounds [0x0000024498fc0000, 0x0000024499230000, 0x00000244a04f0000]
CodeHeap 'profiled nmethods': size=120000Kb used=1931Kb max_used=1931Kb free=118069Kb
 bounds [0x00000244914f0000, 0x0000024491760000, 0x0000024498a20000]
CodeHeap 'non-nmethods': size=5760Kb used=1276Kb max_used=1286Kb free=4483Kb
 bounds [0x0000024498a20000, 0x0000024498c90000, 0x0000024498fc0000]
 total_blobs=1856 nmethods=1255 adapters=514
 compilation: enabled
              stopped_count=0, restarted_count=0
 full_count=0

Compilation events (20 events):
Event: 449.330 Thread 0x00000244a7c4a9c0 nmethod 1243 0x000002449901c610 code [0x000002449901c7a0, 0x000002449901cbf8]
Event: 463.181 Thread 0x00000244a7c4a9c0 1244       4       java.util.Arrays::copyOf (40 bytes)
Event: 463.186 Thread 0x00000244a7c4a9c0 nmethod 1244 0x000002449901ce90 code [0x000002449901d020, 0x000002449901d4d8]
Event: 574.155 Thread 0x00000244a7c4a9c0 1245       4       java.util.ArrayList::toArray (57 bytes)
Event: 574.160 Thread 0x00000244a7c4a9c0 nmethod 1245 0x000002449901d710 code [0x000002449901d8a0, 0x000002449901dbf8]
Event: 578.540 Thread 0x00000244a7c4a9c0 1246       4       sun.java2d.d3d.D3DSurfaceData$D3DWindowSurfaceData::isDirty (18 bytes)
Event: 578.542 Thread 0x00000244a7c4a9c0 nmethod 1246 0x000002449901dd90 code [0x000002449901df20, 0x000002449901dff8]
Event: 588.143 Thread 0x00000244a7c4a9c0 1247       4       java.util.ArrayList::toArray (57 bytes)
Event: 588.148 Thread 0x00000244a7c4a9c0 nmethod 1247 0x000002449901e110 code [0x000002449901e2a0, 0x000002449901e6f8]
Event: 933.684 Thread 0x00000244a7c4a9c0 1248       4       java.lang.StringLatin1::replace (198 bytes)
Event: 933.685 Thread 0x00000244a7c4b2c0 1249       3       java.awt.EventQueue::uncacheEQItem (53 bytes)
Event: 933.685 Thread 0x00000244a7c4b2c0 nmethod 1249 0x00000244916d0090 code [0x00000244916d0280, 0x00000244916d0988]
Event: 933.705 Thread 0x00000244a7c4a9c0 nmethod 1248 0x000002449901e890 code [0x000002449901ea40, 0x000002449901efa8]
Event: 933.915 Thread 0x00000244a7c4b2c0 1250       3       sun.java2d.loops.GraphicsPrimitiveMgr$2::compare (39 bytes)
Event: 933.915 Thread 0x00000244a7c4b2c0 nmethod 1250 0x00000244916d0b10 code [0x00000244916d0ce0, 0x00000244916d10f8]
Event: 933.916 Thread 0x00000244a7c4b2c0 1251       1       sun.java2d.loops.CompositeType::getSuperType (5 bytes)
Event: 933.916 Thread 0x00000244a7c4b2c0 nmethod 1251 0x000002449901f290 code [0x000002449901f420, 0x000002449901f4f8]
Event: 933.916 Thread 0x00000244a7c4b2c0 1252       3       java.util.Arrays::binarySearch0 (95 bytes)
Event: 933.916 Thread 0x00000244a7c4b2c0 nmethod 1252 0x00000244916d1210 code [0x00000244916d13e0, 0x00000244916d1818]
Event: 933.916 Thread 0x00000244a7c4b2c0 1253       3       sun.java2d.loops.GraphicsPrimitiveMgr::locate (104 bytes)

GC Heap History (0 events):
No events

Deoptimization events (20 events):
Event: 5.300 Thread 0x00000244ad6646b0 Uncommon trap: trap_request=0xffffffde fr.pc=0x0000024498fd8ba4 relative=0x00000000000001a4
Event: 5.300 Thread 0x00000244ad6646b0 Uncommon trap: reason=class_check action=maybe_recompile pc=0x0000024498fd8ba4 method=java.lang.String.equals(Ljava/lang/Object;)Z @ 8 c2
Event: 5.300 Thread 0x00000244ad6646b0 DEOPT PACKING pc=0x0000024498fd8ba4 sp=0x0000006c922fe150
Event: 5.300 Thread 0x00000244ad6646b0 DEOPT UNPACKING pc=0x0000024498a723a3 sp=0x0000006c922fe0f8 mode 2
Event: 5.798 Thread 0x00000244ad6646b0 Uncommon trap: trap_request=0xffffffde fr.pc=0x0000024498fd8ba4 relative=0x00000000000001a4
Event: 5.798 Thread 0x00000244ad6646b0 Uncommon trap: reason=class_check action=maybe_recompile pc=0x0000024498fd8ba4 method=java.lang.String.equals(Ljava/lang/Object;)Z @ 8 c2
Event: 5.798 Thread 0x00000244ad6646b0 DEOPT PACKING pc=0x0000024498fd8ba4 sp=0x0000006c922fe270
Event: 5.798 Thread 0x00000244ad6646b0 DEOPT UNPACKING pc=0x0000024498a723a3 sp=0x0000006c922fe218 mode 2
Event: 5.798 Thread 0x00000244ad6646b0 Uncommon trap: trap_request=0xffffffde fr.pc=0x0000024498fd8ba4 relative=0x00000000000001a4
Event: 5.798 Thread 0x00000244ad6646b0 Uncommon trap: reason=class_check action=maybe_recompile pc=0x0000024498fd8ba4 method=java.lang.String.equals(Ljava/lang/Object;)Z @ 8 c2
Event: 5.798 Thread 0x00000244ad6646b0 DEOPT PACKING pc=0x0000024498fd8ba4 sp=0x0000006c922fe270
Event: 5.798 Thread 0x00000244ad6646b0 DEOPT UNPACKING pc=0x0000024498a723a3 sp=0x0000006c922fe218 mode 2
Event: 449.432 Thread 0x00000244ad6659f0 Uncommon trap: trap_request=0xffffffcc fr.pc=0x000002449901c9e0 relative=0x0000000000000240
Event: 449.432 Thread 0x00000244ad6659f0 Uncommon trap: reason=intrinsic_or_type_checked_inlining action=make_not_entrant pc=0x000002449901c9e0 method=java.util.Arrays.copyOf([Ljava/lang/Object;ILjava/lang/Class;)[Ljava/lang/Object; @ 35 c2
Event: 449.432 Thread 0x00000244ad6659f0 DEOPT PACKING pc=0x000002449901c9e0 sp=0x0000006c924ff310
Event: 449.432 Thread 0x00000244ad6659f0 DEOPT UNPACKING pc=0x0000024498a723a3 sp=0x0000006c924ff2a0 mode 2
Event: 574.258 Thread 0x00000244ad6659f0 Uncommon trap: trap_request=0xffffffdc fr.pc=0x000002449901da2c relative=0x000000000000018c
Event: 574.258 Thread 0x00000244ad6659f0 Uncommon trap: reason=class_check action=make_not_entrant pc=0x000002449901da2c method=java.util.ArrayList.toArray([Ljava/lang/Object;)[Ljava/lang/Object; @ 21 c2
Event: 574.258 Thread 0x00000244ad6659f0 DEOPT PACKING pc=0x000002449901da2c sp=0x0000006c924ff370
Event: 574.258 Thread 0x00000244ad6659f0 DEOPT UNPACKING pc=0x0000024498a723a3 sp=0x0000006c924ff330 mode 2

Classes unloaded (0 events):
No events

Classes redefined (0 events):
No events

Internal exceptions (16 events):
Event: 0.162 Thread 0x0000024489c69050 Exception <a 'sun/nio/fs/WindowsException'{0x000000009203f6c0}> (0x000000009203f6c0) 
thrown [s\open\src\hotspot\share\prims\jni.cpp, line 516]
Event: 0.163 Thread 0x0000024489c69050 Exception <a 'sun/nio/fs/WindowsException'{0x000000009203fc68}> (0x000000009203fc68) 
thrown [s\open\src\hotspot\share\prims\jni.cpp, line 516]
Event: 0.167 Thread 0x0000024489c69050 Exception <a 'sun/nio/fs/WindowsException'{0x0000000092042188}> (0x0000000092042188) 
thrown [s\open\src\hotspot\share\prims\jni.cpp, line 516]
Event: 0.168 Thread 0x0000024489c69050 Exception <a 'sun/nio/fs/WindowsException'{0x0000000092042ce8}> (0x0000000092042ce8) 
thrown [s\open\src\hotspot\share\prims\jni.cpp, line 516]
Event: 0.229 Thread 0x0000024489c69050 Exception <a 'java/lang/ClassNotFoundException'{0x00000000920e2518}: sun/awt/resources/spi/awtProvider> (0x00000000920e2518) 
thrown [s\open\src\hotspot\share\classfile\systemDictionary.cpp, line 256]
Event: 0.272 Thread 0x0000024489c69050 Exception <a 'java/io/FileNotFoundException'{0x0000000091f350a8}> (0x0000000091f350a8) 
thrown [s\open\src\hotspot\share\prims\jni.cpp, line 516]
Event: 0.284 Thread 0x0000024489c69050 Exception <a 'java/io/FileNotFoundException'{0x0000000091f61fd0}> (0x0000000091f61fd0) 
thrown [s\open\src\hotspot\share\prims\jni.cpp, line 516]
Event: 0.361 Thread 0x0000024489c69050 Exception <a 'java/lang/NoSuchMethodError'{0x0000000091fa64b8}: 'java.lang.Object java.lang.invoke.DirectMethodHandle$Holder.invokeStaticInit(java.lang.Object)'> (0x0000000091fa64b8) 
thrown [s\open\src\hotspot\share\interpreter\linkResolver.cpp, line 759]
Event: 0.556 Thread 0x0000024489c69050 Exception <a 'java/lang/NoSuchMethodError'{0x0000000091e05100}: 'void java.lang.invoke.DirectMethodHandle$Holder.invokeSpecial(java.lang.Object, java.lang.Object, java.lang.Object)'> (0x0000000091e05100) 
thrown [s\open\src\hotspot\share\interpreter\linkResolver.cpp, line 759]
Event: 0.574 Thread 0x0000024489c69050 Exception <a 'java/lang/NoSuchMethodError'{0x0000000091e2f300}: 'java.lang.Object java.lang.invoke.DirectMethodHandle$Holder.newInvokeSpecial(java.lang.Object, java.lang.Object, java.lang.Object, java.lang.Object, java.lang.Object)'> (0x0000000091e2f300) 
thrown [s\open\src\hotspot\share\interpreter\linkResolver.cpp, line 759]
Event: 0.579 Thread 0x0000024489c69050 Exception <a 'java/lang/NoSuchMethodError'{0x0000000091e3acc8}: 'java.lang.Object java.lang.invoke.DirectMethodHandle$Holder.invokeStatic(java.lang.Object, int, java.lang.Object, java.lang.Object, java.lang.Object, java.lang.Object)'> (0x0000000091e3acc8) 
thrown [s\open\src\hotspot\share\interpreter\linkResolver.cpp, line 759]
Event: 0.589 Thread 0x0000024489c69050 Exception <a 'java/lang/NoSuchMethodError'{0x0000000091e60488}: 'java.lang.Object java.lang.invoke.DirectMethodHandle$Holder.invokeStatic(java.lang.Object, int, java.lang.Object)'> (0x0000000091e60488) 
thrown [s\open\src\hotspot\share\interpreter\linkResolver.cpp, line 759]
Event: 0.642 Thread 0x0000024489c69050 Exception <a 'java/lang/ClassNotFoundException'{0x0000000091d18738}: com/sun/swing/internal/plaf/metal/resources/spi/metalProvider> (0x0000000091d18738) 
thrown [s\open\src\hotspot\share\classfile\systemDictionary.cpp, line 256]
Event: 0.644 Thread 0x0000024489c69050 Exception <a 'java/lang/ClassNotFoundException'{0x0000000091d1c5e0}: com/sun/swing/internal/plaf/basic/resources/spi/basicProvider> (0x0000000091d1c5e0) 
thrown [s\open\src\hotspot\share\classfile\systemDictionary.cpp, line 256]
Event: 1.303 Thread 0x00000244a8b1eef0 Exception <a 'java/lang/NoSuchMethodError'{0x0000000091ffc070}: 'void java.lang.invoke.DirectMethodHandle$Holder.invokeVirtual(java.lang.Object, java.lang.Object)'> (0x0000000091ffc070) 
thrown [s\open\src\hotspot\share\interpreter\linkResolver.cpp, line 759]
Event: 1.329 Thread 0x0000024489c69050 Exception <a 'java/lang/NoSuchMethodError'{0x0000000091467218}: 'void java.lang.invoke.DirectMethodHandle$Holder.invokeStaticInit(java.lang.Object)'> (0x0000000091467218) 
thrown [s\open\src\hotspot\share\interpreter\linkResolver.cpp, line 759]

VM Operations (20 events):
Event: 1.271 Executing VM operation: Cleanup
Event: 1.272 Executing VM operation: Cleanup done
Event: 1.272 Executing VM operation: HandshakeAllThreads
Event: 1.272 Executing VM operation: HandshakeAllThreads done
Event: 1.563 Executing VM operation: HandshakeAllThreads
Event: 1.563 Executing VM operation: HandshakeAllThreads done
Event: 2.568 Executing VM operation: Cleanup
Event: 2.568 Executing VM operation: Cleanup done
Event: 3.576 Executing VM operation: Cleanup
Event: 3.576 Executing VM operation: Cleanup done
Event: 4.587 Executing VM operation: Cleanup
Event: 4.587 Executing VM operation: Cleanup done
Event: 5.594 Executing VM operation: Cleanup
Event: 5.595 Executing VM operation: Cleanup done
Event: 6.605 Executing VM operation: Cleanup
Event: 6.605 Executing VM operation: Cleanup done
Event: 7.618 Executing VM operation: Cleanup
Event: 7.618 Executing VM operation: Cleanup done
Event: 8.622 Executing VM operation: Cleanup
Event: 8.622 Executing VM operation: Cleanup done

Events (20 events):
Event: 933.888 loading class sun/awt/image/NativeLibLoader$1 done
Event: 933.912 loading class java/awt/image/BufferedImage
Event: 933.912 loading class java/awt/image/WritableRenderedImage
Event: 933.912 loading class java/awt/image/RenderedImage
Event: 933.912 loading class java/awt/image/RenderedImage done
Event: 933.913 loading class java/awt/image/WritableRenderedImage done
Event: 933.913 loading class java/awt/image/BufferedImage done
Event: 933.913 loading class java/awt/image/BufferedImage$1
Event: 933.913 loading class java/awt/image/BufferedImage$1 done
Event: 933.914 loading class sun/awt/image/BufImgSurfaceData
Event: 933.914 loading class sun/awt/image/BufImgSurfaceData done
Event: 933.914 loading class sun/awt/image/BufImgSurfaceData$ICMColorData
Event: 933.914 loading class sun/awt/image/BufImgSurfaceData$ICMColorData done
Event: 933.914 loading class sun/java2d/loops/RenderLoops
Event: 933.915 loading class sun/java2d/loops/RenderLoops done
Event: 933.916 loading class sun/java2d/loops/DrawGlyphListColor
Event: 933.916 loading class sun/java2d/loops/DrawGlyphListColor done
Event: 933.917 loading class sun/java2d/loops/DrawGlyphListColor$General
Event: 933.917 loading class sun/java2d/loops/DrawGlyphListColor$General done
Event: 933.917 loading class sun/java2d/loops/Blit$GeneralMaskBlit


Dynamic libraries:
0x00007ff714cf0000 - 0x00007ff714d00000 	C:\Program Files\Java\jdk-17\bin\java.exe
0x00007ff833a70000 - 0x00007ff833c87000 	C:\windows\SYSTEM32\ntdll.dll
0x00007ff831e40000 - 0x00007ff831f04000 	C:\windows\System32\KERNEL32.DLL
0x00007ff8312b0000 - 0x00007ff831656000 	C:\windows\System32\KERNELBASE.dll
0x00007ff830f30000 - 0x00007ff831041000 	C:\windows\System32\ucrtbase.dll
0x00007ff82b1a0000 - 0x00007ff82b1bb000 	C:\Program Files\Java\jdk-17\bin\VCRUNTIME140.dll
0x00007ff828470000 - 0x00007ff828489000 	C:\Program Files\Java\jdk-17\bin\jli.dll
0x00007ff8317c0000 - 0x00007ff831871000 	C:\windows\System32\ADVAPI32.dll
0x00007ff8324b0000 - 0x00007ff832557000 	C:\windows\System32\msvcrt.dll
0x00007ff832670000 - 0x00007ff832715000 	C:\windows\System32\sechost.dll
0x00007ff831a80000 - 0x00007ff831b97000 	C:\windows\System32\RPCRT4.dll
0x00007ff831880000 - 0x00007ff831a2e000 	C:\windows\System32\USER32.dll
0x00007ff830f00000 - 0x00007ff830f26000 	C:\windows\System32\win32u.dll
0x00007ff831c10000 - 0x00007ff831c39000 	C:\windows\System32\GDI32.dll
0x00007ff81a680000 - 0x00007ff81a913000 	C:\windows\WinSxS\amd64_microsoft.windows.common-controls_6595b64144ccf1df_6.0.22621.2506_none_270c5ae97388e100\COMCTL32.dll
0x00007ff830de0000 - 0x00007ff830ef8000 	C:\windows\System32\gdi32full.dll
0x00007ff831660000 - 0x00007ff8316fa000 	C:\windows\System32\msvcp_win.dll
0x00007ff827500000 - 0x00007ff82750a000 	C:\windows\SYSTEM32\VERSION.dll
0x00007ff833960000 - 0x00007ff833991000 	C:\windows\System32\IMM32.DLL
0x00007ff81d1b0000 - 0x00007ff81d1bc000 	C:\Program Files\Java\jdk-17\bin\vcruntime140_1.dll
0x00007fffb8880000 - 0x00007fffb890e000 	C:\Program Files\Java\jdk-17\bin\msvcp140.dll
0x00007fff8c1e0000 - 0x00007fff8cdbd000 	C:\Program Files\Java\jdk-17\bin\server\jvm.dll
0x00007ff833950000 - 0x00007ff833958000 	C:\windows\System32\PSAPI.DLL
0x00007ff82b1c0000 - 0x00007ff82b1c9000 	C:\windows\SYSTEM32\WSOCK32.dll
0x00007ff828ec0000 - 0x00007ff828ef4000 	C:\windows\SYSTEM32\WINMM.dll
0x00007ff832010000 - 0x00007ff832081000 	C:\windows\System32\WS2_32.dll
0x00007ff82fde0000 - 0x00007ff82fdf8000 	C:\windows\SYSTEM32\kernel.appcore.dll
0x00007ff81c740000 - 0x00007ff81c74a000 	C:\Program Files\Java\jdk-17\bin\jimage.dll
0x00007ff81e5d0000 - 0x00007ff81e803000 	C:\windows\SYSTEM32\DBGHELP.DLL
0x00007ff832f80000 - 0x00007ff833309000 	C:\windows\System32\combase.dll
0x00007ff832140000 - 0x00007ff832217000 	C:\windows\System32\OLEAUT32.dll
0x00007ff814ff0000 - 0x00007ff815022000 	C:\windows\SYSTEM32\dbgcore.DLL
0x00007ff831050000 - 0x00007ff8310ca000 	C:\windows\System32\bcryptPrimitives.dll
0x00007ff8173e0000 - 0x00007ff817405000 	C:\Program Files\Java\jdk-17\bin\java.dll
0x00007fff95190000 - 0x00007fff95267000 	C:\Program Files\Java\jdk-17\bin\jsvml.dll
0x00007ff832720000 - 0x00007ff832f7a000 	C:\windows\System32\SHELL32.dll
0x00007ff82ecb0000 - 0x00007ff82f5a6000 	C:\windows\SYSTEM32\windows.storage.dll
0x00007ff82eb70000 - 0x00007ff82ecae000 	C:\windows\SYSTEM32\wintypes.dll
0x00007ff832560000 - 0x00007ff832653000 	C:\windows\System32\SHCORE.dll
0x00007ff832220000 - 0x00007ff83227e000 	C:\windows\System32\shlwapi.dll
0x00007ff830d10000 - 0x00007ff830d36000 	C:\windows\SYSTEM32\profapi.dll
0x00007fffd04d0000 - 0x00007fffd04e9000 	C:\Program Files\Java\jdk-17\bin\net.dll
0x00007ff82b050000 - 0x00007ff82b187000 	C:\windows\SYSTEM32\WINHTTP.dll
0x00007ff830260000 - 0x00007ff8302c9000 	C:\windows\system32\mswsock.dll
0x00007fffd04b0000 - 0x00007fffd04c6000 	C:\Program Files\Java\jdk-17\bin\nio.dll
0x00007fff8e410000 - 0x00007fff8e5a1000 	C:\Program Files\Java\jdk-17\bin\awt.dll
0x00007ff82e0d0000 - 0x00007ff82e167000 	C:\windows\SYSTEM32\apphelp.dll
0x00007ff82e500000 - 0x00007ff82e52b000 	C:\windows\system32\DWMAPI.DLL
0x00007ff82e280000 - 0x00007ff82e32b000 	C:\windows\system32\uxtheme.dll
0x00007fff94e00000 - 0x00007fff94f00000 	C:\windows\system32\opengl32.dll
0x00007fffd00d0000 - 0x00007fffd00fd000 	C:\windows\SYSTEM32\GLU32.dll
0x00007ff82e3b0000 - 0x00007ff82e3e6000 	C:\windows\SYSTEM32\dxcore.dll
0x00007ff832360000 - 0x00007ff8324b0000 	C:\windows\System32\MSCTF.dll
0x00007ff833330000 - 0x00007ff8334d0000 	C:\windows\System32\ole32.dll
0x00007fffd8940000 - 0x00007fffd8ae9000 	C:\windows\system32\d3d9.dll
0x00007ff826960000 - 0x00007ff826b1b000 	C:\windows\System32\DriverStore\FileRepository\u0387389.inf_amd64_995be970e30b8c79\B385477\aticfx64.dll
0x00007fffd8900000 - 0x00007fffd8934000 	C:\windows\System32\DriverStore\FileRepository\u0387389.inf_amd64_995be970e30b8c79\B385477\atiu9p64.dll
0x00007fffd7ba0000 - 0x00007fffd88f5000 	C:\windows\System32\DriverStore\FileRepository\u0387389.inf_amd64_995be970e30b8c79\B385477\atiumd64.dll
0x000000005d0e0000 - 0x000000005e007000 	C:\windows\System32\DriverStore\FileRepository\u0387389.inf_amd64_995be970e30b8c79\B385477\atiumd6a.dll
0x00007ff8334d0000 - 0x00007ff833944000 	C:\windows\System32\SETUPAPI.dll
0x00007ff830870000 - 0x00007ff8308bd000 	C:\windows\SYSTEM32\POWRPROF.dll
0x00007ff830720000 - 0x00007ff830733000 	C:\windows\SYSTEM32\UMPDC.dll
0x00007ff8289d0000 - 0x00007ff828a05000 	C:\windows\SYSTEM32\amdihk64.dll
0x00007ff82a580000 - 0x00007ff82a5ca000 	C:\windows\SYSTEM32\directxdatabasehelper.dll
0x00007fffb8540000 - 0x00007fffb85c6000 	C:\Program Files\Java\jdk-17\bin\freetype.dll
0x00007fff8c110000 - 0x00007fff8c1d5000 	C:\Program Files\Java\jdk-17\bin\fontmanager.dll
0x00007ff832090000 - 0x00007ff832140000 	C:\windows\System32\clbcatq.dll
0x00007ff82c8e0000 - 0x00007ff82ca90000 	C:\windows\SYSTEM32\WindowsCodecs.dll
0x00007ff811b60000 - 0x00007ff811bbe000 	C:\windows\system32\dataexchange.dll
0x00007ff82a5d0000 - 0x00007ff82a855000 	C:\windows\system32\twinapi.appcore.dll
0x00007ff81ac80000 - 0x00007ff81adca000 	C:\windows\SYSTEM32\textinputframework.dll
0x00007ff82ddf0000 - 0x00007ff82df23000 	C:\windows\SYSTEM32\CoreMessaging.dll
0x00007ff829af0000 - 0x00007ff829e5c000 	C:\windows\SYSTEM32\CoreUIComponents.dll
0x00007ff8304d0000 - 0x00007ff8304dc000 	C:\windows\SYSTEM32\CRYPTBASE.DLL

dbghelp: loaded successfully - version: 4.0.5 - missing functions: none
symbol engine: initialized successfully - sym options: 0x614 - pdb path: .;C:\Program Files\Java\jdk-17\bin;C:\windows\SYSTEM32;C:\windows\WinSxS\amd64_microsoft.windows.common-controls_6595b64144ccf1df_6.0.22621.2506_none_270c5ae97388e100;C:\Program Files\Java\jdk-17\bin\server;C:\windows\System32\DriverStore\FileRepository\u0387389.inf_amd64_995be970e30b8c79\B385477

VM Arguments:
jvm_args: -Dfile.encoding=UTF-8 --module-path=C:\Users\Aksha\OneDrive\Documents\NetBeansProjects\bank managment system\build\classes 
java_command: bank.managment.system.SignOne
java_class_path (initial): C:\Users\Aksha\OneDrive\Documents\NetBeansProjects\bank managment system\build\classes
Launcher Type: SUN_STANDARD

[Global flags]
     intx CICompilerCount                          = 4                                         {product} {ergonomic}
     uint ConcGCThreads                            = 3                                         {product} {ergonomic}
     uint G1ConcRefinementThreads                  = 10                                        {product} {ergonomic}
   size_t G1HeapRegionSize                         = 1048576                                   {product} {ergonomic}
    uintx GCDrainStackTargetSize                   = 64                                        {product} {ergonomic}
   size_t InitialHeapSize                          = 123731968                                 {product} {ergonomic}
   size_t MarkStackSize                            = 4194304                                   {product} {ergonomic}
   size_t MaxHeapSize                              = 1967128576                                {product} {ergonomic}
   size_t MaxNewSize                               = 1179648000                                {product} {ergonomic}
   size_t MinHeapDeltaBytes                        = 1048576                                   {product} {ergonomic}
   size_t MinHeapSize                              = 8388608                                   {product} {ergonomic}
    uintx NonNMethodCodeHeapSize                   = 5839372                                {pd product} {ergonomic}
    uintx NonProfiledCodeHeapSize                  = 122909434                              {pd product} {ergonomic}
    uintx ProfiledCodeHeapSize                     = 122909434                              {pd product} {ergonomic}
    uintx ReservedCodeCacheSize                    = 251658240                              {pd product} {ergonomic}
     bool SegmentedCodeCache                       = true                                      {product} {ergonomic}
   size_t SoftMaxHeapSize                          = 1967128576                             {manageable} {ergonomic}
     bool UseCompressedClassPointers               = true                           {product lp64_product} {ergonomic}
     bool UseCompressedOops                        = true                           {product lp64_product} {ergonomic}
     bool UseG1GC                                  = true                                      {product} {ergonomic}
     bool UseLargePagesIndividualAllocation        = false                                  {pd product} {ergonomic}

Logging:
Log output configuration:
 #0: stdout all=warning uptime,level,tags
 #1: stderr all=off uptime,level,tags

Environment Variables:
PATH=C:\Program Files\Common Files\Oracle\Java\javapath;C:\windows\system32;C:\windows;C:\windows\System32\Wbem;C:\windows\System32\WindowsPowerShell\v1.0\;C:\windows\System32\OpenSSH\;C:\Program Files\Java\jdk-17\bin;C:\Program Files\MySQL\MySQL Shell 8.0\bin\;C:\Users\Aksha\AppData\Local\Programs\Python\Python37-32\Scripts\;C:\Users\Aksha\AppData\Local\Programs\Python\Python37-32\;C:\Users\Aksha\AppData\Local\Microsoft\WindowsApps;C:\Users\Aksha\AppData\Local\Programs\Microsoft VS Code\bin;C:\Program Files\Java\jdk-17\bin;
USERNAME=Aksha
OS=Windows_NT
PROCESSOR_IDENTIFIER=AMD64 Family 23 Model 104 Stepping 1, AuthenticAMD



---------------  S Y S T E M  ---------------

OS:
 Windows 11 , 64 bit Build 22621 (10.0.22621.2506)
OS uptime: 2 days 20:05 hours
Hyper-V role detected

CPU: total 12 (initial active 12) (12 cores per cpu, 2 threads per core) family 23 model 104 stepping 1 microcode 0x0, cx8, cmov, fxsr, ht, mmx, 3dnowpref, sse, sse2, sse3, ssse3, sse4a, sse4.1, sse4.2, popcnt, lzcnt, tsc, tscinvbit, avx, avx2, aes, clmul, bmi1, bmi2, adx, sha, fma, vzeroupper, clflush, clflushopt, hv

Memory: 4k page, system-wide physical 7502M (626M free)
TotalPageFile size 30030M (AvailPageFile size 0M)
current process WorkingSet (physical memory assigned to process): 105M, peak: 105M
current process commit charge ("private bytes"): 268M, peak: 273M

vm_info: Java HotSpot(TM) 64-Bit Server VM (17.0.7+8-LTS-224) for windows-amd64 JRE (17.0.7+8-LTS-224), built on Feb 28 2023 23:03:02 by "mach5one" with MS VC++ 17.1 (VS2022)

END.
