#
# There is insufficient memory for the Java Runtime Environment to continue.
# Native memory allocation (mmap) failed to map 123731968 bytes for G1 virtual space
# Possible reasons:
#   The system is out of physical RAM or swap space
#   The process is running with CompressedOops enabled, and the Java Heap may be blocking the growth of the native heap
# Possible solutions:
#   Reduce memory load on the system
#   Increase physical memory or swap space
#   Check if swap backing store is full
#   Decrease Java heap size (-Xmx/-Xms)
#   Decrease number of Java threads
#   Decrease Java thread stack sizes (-Xss)
#   Set larger code cache with -XX:ReservedCodeCacheSize=
#   JVM is running with Unscaled Compressed Oops mode in which the Java heap is
#     placed in the first 4GB address space. The Java Heap base address is the
#     maximum limit for the native heap growth. Please use -XX:HeapBaseMinAddress
#     to set the Java Heap base and to place the Java Heap above 4GB virtual address.
# This output file may be truncated or incomplete.
#
#  Out of Memory Error (os_windows.cpp:3550), pid=6636, tid=14748
#
# JRE version:  (17.0.7+8) (build )
# Java VM: Java HotSpot(TM) 64-Bit Server VM (17.0.7+8-LTS-224, mixed mode, sharing, tiered, compressed oops, compressed class ptrs, g1 gc, windows-amd64)
# No core dump will be written. Minidumps are not enabled by default on client versions of Windows
#

---------------  S U M M A R Y ------------

Command Line: -Dfile.encoding=UTF-8 --module-path=C:\Users\Aksha\OneDrive\Documents\NetBeansProjects\bank managment system\build\classes bank.managment.system.PinChange

Host: AMD Ryzen 5 5500U with Radeon Graphics         , 12 cores, 7G,  Windows 11 , 64 bit Build 22621 (10.0.22621.2506)
Time: Fri Jan 26 10:21:46 2024 India Standard Time elapsed time: 0.024137 seconds (0d 0h 0m 0s)

---------------  T H R E A D  ---------------

Current thread (0x00000210f102e290):  JavaThread "Unknown thread" [_thread_in_vm, id=14748, stack(0x0000007712c00000,0x0000007712d00000)]

Stack: [0x0000007712c00000,0x0000007712d00000]
Native frames: (J=compiled Java code, j=interpreted, Vv=VM code, C=native code)
V  [jvm.dll+0x676a4a]
V  [jvm.dll+0x7d74f4]
V  [jvm.dll+0x7d8c9e]
V  [jvm.dll+0x7d9303]
V  [jvm.dll+0x2452c5]
V  [jvm.dll+0x6738f9]
V  [jvm.dll+0x668232]
V  [jvm.dll+0x302826]
V  [jvm.dll+0x309da6]
V  [jvm.dll+0x35952e]
V  [jvm.dll+0x35975f]
V  [jvm.dll+0x2d9a38]
V  [jvm.dll+0x2da9a4]
V  [jvm.dll+0x7a8fb1]
V  [jvm.dll+0x3670e1]
V  [jvm.dll+0x788359]
V  [jvm.dll+0x3ea5ef]
V  [jvm.dll+0x3ec071]
C  [jli.dll+0x5297]
C  [ucrtbase.dll+0x29363]
C  [KERNEL32.DLL+0x1257d]
C  [ntdll.dll+0x5aa58]


---------------  P R O C E S S  ---------------

Threads class SMR info:
_java_thread_list=0x00007ffc5ad24998, length=0, elements={
}

Java Threads: ( => current thread )

Other Threads:
  0x00000210f108bb20 GCTaskThread "GC Thread#0" [stack: 0x0000007712d00000,0x0000007712e00000] [id=32172]
  0x00000210f109c4f0 ConcurrentGCThread "G1 Main Marker" [stack: 0x0000007712e00000,0x0000007712f00000] [id=24636]
  0x00000210f109cf00 ConcurrentGCThread "G1 Conc#0" [stack: 0x0000007712f00000,0x0000007713000000] [id=35408]

[error occurred during error reporting (printing all threads), id 0xc0000005, EXCEPTION_ACCESS_VIOLATION (0xc0000005) at pc=0x00007ffc5a55a697]

VM state: not at safepoint (not fully initialized)

VM Mutex/Monitor currently owned by a thread:  ([mutex/lock_event])
[0x00000210f1029e40] Heap_lock - owner thread: 0x00000210f102e290

Heap address: 0x000000008ac00000, size: 1876 MB, Compressed Oops mode: 32-bit

CDS archive(s) mapped at: [0x0000000000000000-0x0000000000000000-0x0000000000000000), size 0, SharedBaseAddress: 0x0000000800000000, ArchiveRelocationMode: 0.
Narrow klass base: 0x0000000000000000, Narrow klass shift: 0, Narrow klass range: 0x0

GC Precious Log:
<Empty>

Heap:
 garbage-first heap   total 0K, used 0K [0x000000008ac00000, 0x0000000100000000)
  region size 1024K, 0 young (0K), 0 survivors (0K)

[error occurred during error reporting (printing heap information), id 0xc0000005, EXCEPTION_ACCESS_VIOLATION (0xc0000005) at pc=0x00007ffc5a9400b9]

GC Heap History (0 events):
No events

Deoptimization events (0 events):
No events

Classes unloaded (0 events):
No events

Classes redefined (0 events):
No events

Internal exceptions (0 events):
No events

VM Operations (0 events):
No events

Events (1 events):
Event: 0.017 Loaded shared library C:\Program Files\Java\jdk-17\bin\java.dll


Dynamic libraries:
0x00007ff748390000 - 0x00007ff7483a0000 	C:\Program Files\Java\jdk-17\bin\java.exe
0x00007ffcafab0000 - 0x00007ffcafcc7000 	C:\windows\SYSTEM32\ntdll.dll
0x00007ffcaf300000 - 0x00007ffcaf3c4000 	C:\windows\System32\KERNEL32.DLL
0x00007ffcad030000 - 0x00007ffcad3d6000 	C:\windows\System32\KERNELBASE.dll
0x00007ffcacdf0000 - 0x00007ffcacf01000 	C:\windows\System32\ucrtbase.dll
0x00007ffc99f90000 - 0x00007ffc99fa9000 	C:\Program Files\Java\jdk-17\bin\jli.dll
0x00007ffcaf6f0000 - 0x00007ffcaf7a3000 	C:\windows\System32\ADVAPI32.dll
0x00007ffc718e0000 - 0x00007ffc718fb000 	C:\Program Files\Java\jdk-17\bin\VCRUNTIME140.dll
0x00007ffcaf250000 - 0x00007ffcaf2f7000 	C:\windows\System32\msvcrt.dll
0x00007ffcaf7d0000 - 0x00007ffcaf878000 	C:\windows\System32\sechost.dll
0x00007ffcad6e0000 - 0x00007ffcad708000 	C:\windows\System32\bcrypt.dll
0x00007ffcaf0b0000 - 0x00007ffcaf1c7000 	C:\windows\System32\RPCRT4.dll
0x00007ffcad800000 - 0x00007ffcad9ae000 	C:\windows\System32\USER32.dll
0x00007ffcad710000 - 0x00007ffcad736000 	C:\windows\System32\win32u.dll
0x00007ffcaf880000 - 0x00007ffcaf8a9000 	C:\windows\System32\GDI32.dll
0x00007ffc96e80000 - 0x00007ffc97113000 	C:\windows\WinSxS\amd64_microsoft.windows.common-controls_6595b64144ccf1df_6.0.22621.2506_none_270c5ae97388e100\COMCTL32.dll
0x00007ffcacf10000 - 0x00007ffcad028000 	C:\windows\System32\gdi32full.dll
0x00007ffcad450000 - 0x00007ffcad4ea000 	C:\windows\System32\msvcp_win.dll
0x00007ffca3ae0000 - 0x00007ffca3aea000 	C:\windows\SYSTEM32\VERSION.dll
0x00007ffcae620000 - 0x00007ffcae651000 	C:\windows\System32\IMM32.DLL
0x00007ffc95970000 - 0x00007ffc9597c000 	C:\Program Files\Java\jdk-17\bin\vcruntime140_1.dll
0x00007ffc59f60000 - 0x00007ffc59fee000 	C:\Program Files\Java\jdk-17\bin\msvcp140.dll
0x00007ffc5a270000 - 0x00007ffc5ae4d000 	C:\Program Files\Java\jdk-17\bin\server\jvm.dll
0x00007ffcae660000 - 0x00007ffcae668000 	C:\windows\System32\PSAPI.DLL
0x00007ffc96560000 - 0x00007ffc96569000 	C:\windows\SYSTEM32\WSOCK32.dll
0x00007ffcaf1d0000 - 0x00007ffcaf241000 	C:\windows\System32\WS2_32.dll
0x00007ffca50f0000 - 0x00007ffca5124000 	C:\windows\SYSTEM32\WINMM.dll
0x00007ffcabe20000 - 0x00007ffcabe38000 	C:\windows\SYSTEM32\kernel.appcore.dll
0x00007ffc95870000 - 0x00007ffc9587a000 	C:\Program Files\Java\jdk-17\bin\jimage.dll
0x00007ffc9a8e0000 - 0x00007ffc9ab13000 	C:\windows\SYSTEM32\DBGHELP.DLL
0x00007ffcaecc0000 - 0x00007ffcaf049000 	C:\windows\System32\combase.dll
0x00007ffcaf550000 - 0x00007ffcaf627000 	C:\windows\System32\OLEAUT32.dll
0x00007ffc8ff10000 - 0x00007ffc8ff42000 	C:\windows\SYSTEM32\dbgcore.DLL
0x00007ffcad4f0000 - 0x00007ffcad56a000 	C:\windows\System32\bcryptPrimitives.dll
0x00007ffc6d3b0000 - 0x00007ffc6d3d5000 	C:\Program Files\Java\jdk-17\bin\java.dll

dbghelp: loaded successfully - version: 4.0.5 - missing functions: none
symbol engine: initialized successfully - sym options: 0x614 - pdb path: .;C:\Program Files\Java\jdk-17\bin;C:\windows\SYSTEM32;C:\windows\WinSxS\amd64_microsoft.windows.common-controls_6595b64144ccf1df_6.0.22621.2506_none_270c5ae97388e100;C:\Program Files\Java\jdk-17\bin\server

VM Arguments:
jvm_args: -Dfile.encoding=UTF-8 --module-path=C:\Users\Aksha\OneDrive\Documents\NetBeansProjects\bank managment system\build\classes 
java_command: bank.managment.system.PinChange
java_class_path (initial): C:\courses\java project\jcalendar-tz-1.3.3-4.jar;C:\courses\java project\mysql-connector-java-8.0.28.jar;C:\Users\Aksha\OneDrive\Documents\NetBeansProjects\bank managment system\build\classes
Launcher Type: SUN_STANDARD

[Global flags]
     intx CICompilerCount                          = 4                                         {product} {ergonomic}
     uint ConcGCThreads                            = 3                                         {product} {ergonomic}
     uint G1ConcRefinementThreads                  = 10                                        {product} {ergonomic}
   size_t G1HeapRegionSize                         = 1048576                                   {product} {ergonomic}
    uintx GCDrainStackTargetSize                   = 64                                        {product} {ergonomic}
   size_t InitialHeapSize                          = 123731968                                 {product} {ergonomic}
   size_t MarkStackSize                            = 4194304                                   {product} {ergonomic}
   size_t MaxHeapSize                              = 1967128576                                {product} {ergonomic}
   size_t MinHeapDeltaBytes                        = 1048576                                   {product} {ergonomic}
   size_t MinHeapSize                              = 8388608                                   {product} {ergonomic}
    uintx NonNMethodCodeHeapSize                   = 5839372                                {pd product} {ergonomic}
    uintx NonProfiledCodeHeapSize                  = 122909434                              {pd product} {ergonomic}
    uintx ProfiledCodeHeapSize                     = 122909434                              {pd product} {ergonomic}
    uintx ReservedCodeCacheSize                    = 251658240                              {pd product} {ergonomic}
     bool SegmentedCodeCache                       = true                                      {product} {ergonomic}
   size_t SoftMaxHeapSize                          = 1967128576                             {manageable} {ergonomic}
     bool UseCompressedClassPointers               = true                           {product lp64_product} {ergonomic}
     bool UseCompressedOops                        = true                           {product lp64_product} {ergonomic}
     bool UseG1GC                                  = true                                      {product} {ergonomic}
     bool UseLargePagesIndividualAllocation        = false                                  {pd product} {ergonomic}

Logging:
Log output configuration:
 #0: stdout all=warning uptime,level,tags
 #1: stderr all=off uptime,level,tags

Environment Variables:
PATH=C:\Program Files\Common Files\Oracle\Java\javapath;C:\windows\system32;C:\windows;C:\windows\System32\Wbem;C:\windows\System32\WindowsPowerShell\v1.0\;C:\windows\System32\OpenSSH\;C:\Program Files\Java\jdk-17\bin;C:\Program Files\MySQL\MySQL Shell 8.0\bin\;C:\Users\Aksha\AppData\Local\Programs\Python\Python37-32\Scripts\;C:\Users\Aksha\AppData\Local\Programs\Python\Python37-32\;C:\Users\Aksha\AppData\Local\Microsoft\WindowsApps;C:\Users\Aksha\AppData\Local\Programs\Microsoft VS Code\bin;C:\Program Files\Java\jdk-17\bin;
USERNAME=Aksha
OS=Windows_NT
PROCESSOR_IDENTIFIER=AMD64 Family 23 Model 104 Stepping 1, AuthenticAMD



---------------  S Y S T E M  ---------------

OS:
 Windows 11 , 64 bit Build 22621 (10.0.22621.2506)
OS uptime: 5 days 0:49 hours
Hyper-V role detected

CPU: total 12 (initial active 12) (12 cores per cpu, 2 threads per core) family 23 model 104 stepping 1 microcode 0x0, cx8, cmov, fxsr, ht, mmx, 3dnowpref, sse, sse2, sse3, ssse3, sse4a, sse4.1, sse4.2, popcnt, lzcnt, tsc, tscinvbit, avx, avx2, aes, clmul, bmi1, bmi2, adx, sha, fma, vzeroupper, clflush, clflushopt, hv

Memory: 4k page, system-wide physical 7502M (539M free)
TotalPageFile size 30030M (AvailPageFile size 119M)
current process WorkingSet (physical memory assigned to process): 11M, peak: 11M
current process commit charge ("private bytes"): 64M, peak: 182M

vm_info: Java HotSpot(TM) 64-Bit Server VM (17.0.7+8-LTS-224) for windows-amd64 JRE (17.0.7+8-LTS-224), built on Feb 28 2023 23:03:02 by "mach5one" with MS VC++ 17.1 (VS2022)

END.
