#
# There is insufficient memory for the Java Runtime Environment to continue.
# Native memory allocation (mmap) failed to map 123731968 bytes for G1 virtual space
# Possible reasons:
#   The system is out of physical RAM or swap space
#   The process is running with CompressedOops enabled, and the Java Heap may be blocking the growth of the native heap
# Possible solutions:
#   Reduce memory load on the system
#   Increase physical memory or swap space
#   Check if swap backing store is full
#   Decrease Java heap size (-Xmx/-Xms)
#   Decrease number of Java threads
#   Decrease Java thread stack sizes (-Xss)
#   Set larger code cache with -XX:ReservedCodeCacheSize=
#   JVM is running with Unscaled Compressed Oops mode in which the Java heap is
#     placed in the first 4GB address space. The Java Heap base address is the
#     maximum limit for the native heap growth. Please use -XX:HeapBaseMinAddress
#     to set the Java Heap base and to place the Java Heap above 4GB virtual address.
# This output file may be truncated or incomplete.
#
#  Out of Memory Error (os_windows.cpp:3550), pid=25856, tid=27524
#
# JRE version:  (17.0.7+8) (build )
# Java VM: Java HotSpot(TM) 64-Bit Server VM (17.0.7+8-LTS-224, mixed mode, sharing, tiered, compressed oops, compressed class ptrs, g1 gc, windows-amd64)
# No core dump will be written. Minidumps are not enabled by default on client versions of Windows
#

---------------  S U M M A R Y ------------

Command Line: -Dfile.encoding=UTF-8 --module-path=C:\Users\Aksha\OneDrive\Documents\NetBeansProjects\bank managment system\build\classes bank.managment.system.Login

Host: AMD Ryzen 5 5500U with Radeon Graphics         , 12 cores, 7G,  Windows 11 , 64 bit Build 22621 (10.0.22621.2506)
Time: Mon Jan 15 18:40:35 2024 India Standard Time elapsed time: 0.023574 seconds (0d 0h 0m 0s)

---------------  T H R E A D  ---------------

Current thread (0x000001ab8ea383f0):  JavaThread "Unknown thread" [_thread_in_vm, id=27524, stack(0x0000003048100000,0x0000003048200000)]

Stack: [0x0000003048100000,0x0000003048200000]
Native frames: (J=compiled Java code, j=interpreted, Vv=VM code, C=native code)
V  [jvm.dll+0x676a4a]
V  [jvm.dll+0x7d74f4]
V  [jvm.dll+0x7d8c9e]
V  [jvm.dll+0x7d9303]
V  [jvm.dll+0x2452c5]
V  [jvm.dll+0x6738f9]
V  [jvm.dll+0x668232]
V  [jvm.dll+0x302826]
V  [jvm.dll+0x309da6]
V  [jvm.dll+0x35952e]
V  [jvm.dll+0x35975f]
V  [jvm.dll+0x2d9a38]
V  [jvm.dll+0x2da9a4]
V  [jvm.dll+0x7a8fb1]
V  [jvm.dll+0x3670e1]
V  [jvm.dll+0x788359]
V  [jvm.dll+0x3ea5ef]
V  [jvm.dll+0x3ec071]
C  [jli.dll+0x5297]
C  [ucrtbase.dll+0x29363]
C  [KERNEL32.DLL+0x1257d]
C  [ntdll.dll+0x5aa58]


---------------  P R O C E S S  ---------------

Threads class SMR info:
_java_thread_list=0x00007fff99694998, length=0, elements={
}

Java Threads: ( => current thread )

Other Threads:
  0x000001ab8ea8e320 GCTaskThread "GC Thread#0" [stack: 0x0000003048200000,0x0000003048300000] [id=24436]
  0x000001ab8ea9dce0 ConcurrentGCThread "G1 Main Marker" [stack: 0x0000003048300000,0x0000003048400000] [id=23028]
  0x000001ab8ea9e6f0 ConcurrentGCThread "G1 Conc#0" [stack: 0x0000003048400000,0x0000003048500000] [id=32544]

[error occurred during error reporting (printing all threads), id 0xc0000005, EXCEPTION_ACCESS_VIOLATION (0xc0000005) at pc=0x00007fff98eca697]

VM state: not at safepoint (not fully initialized)

VM Mutex/Monitor currently owned by a thread:  ([mutex/lock_event])
[0x000001ab8ea34230] Heap_lock - owner thread: 0x000001ab8ea383f0

Heap address: 0x000000008ac00000, size: 1876 MB, Compressed Oops mode: 32-bit

CDS archive(s) mapped at: [0x0000000000000000-0x0000000000000000-0x0000000000000000), size 0, SharedBaseAddress: 0x0000000800000000, ArchiveRelocationMode: 0.
Narrow klass base: 0x0000000000000000, Narrow klass shift: 0, Narrow klass range: 0x0

GC Precious Log:
<Empty>

Heap:
 garbage-first heap   total 0K, used 0K [0x000000008ac00000, 0x0000000100000000)
  region size 1024K, 0 young (0K), 0 survivors (0K)

[error occurred during error reporting (printing heap information), id 0xc0000005, EXCEPTION_ACCESS_VIOLATION (0xc0000005) at pc=0x00007fff992b00b9]

GC Heap History (0 events):
No events

Deoptimization events (0 events):
No events

Classes unloaded (0 events):
No events

Classes redefined (0 events):
No events

Internal exceptions (0 events):
No events

VM Operations (0 events):
No events

Events (1 events):
Event: 0.017 Loaded shared library C:\Program Files\Java\jdk-17\bin\java.dll


Dynamic libraries:
0x00007ff72e0f0000 - 0x00007ff72e100000 	C:\Program Files\Java\jdk-17\bin\java.exe
0x00007ff833a70000 - 0x00007ff833c87000 	C:\windows\SYSTEM32\ntdll.dll
0x00007ff831e40000 - 0x00007ff831f04000 	C:\windows\System32\KERNEL32.DLL
0x00007ff8312b0000 - 0x00007ff831656000 	C:\windows\System32\KERNELBASE.dll
0x00007ff830f30000 - 0x00007ff831041000 	C:\windows\System32\ucrtbase.dll
0x00007ff814ef0000 - 0x00007ff814f09000 	C:\Program Files\Java\jdk-17\bin\jli.dll
0x00007ff82b190000 - 0x00007ff82b1ab000 	C:\Program Files\Java\jdk-17\bin\VCRUNTIME140.dll
0x00007ff8317c0000 - 0x00007ff831871000 	C:\windows\System32\ADVAPI32.dll
0x00007ff8324b0000 - 0x00007ff832557000 	C:\windows\System32\msvcrt.dll
0x00007ff832670000 - 0x00007ff832715000 	C:\windows\System32\sechost.dll
0x00007ff831a80000 - 0x00007ff831b97000 	C:\windows\System32\RPCRT4.dll
0x00007ff831880000 - 0x00007ff831a2e000 	C:\windows\System32\USER32.dll
0x00007ff830f00000 - 0x00007ff830f26000 	C:\windows\System32\win32u.dll
0x00007ff831c10000 - 0x00007ff831c39000 	C:\windows\System32\GDI32.dll
0x00007ff830de0000 - 0x00007ff830ef8000 	C:\windows\System32\gdi32full.dll
0x00007ff81a680000 - 0x00007ff81a913000 	C:\windows\WinSxS\amd64_microsoft.windows.common-controls_6595b64144ccf1df_6.0.22621.2506_none_270c5ae97388e100\COMCTL32.dll
0x00007ff831660000 - 0x00007ff8316fa000 	C:\windows\System32\msvcp_win.dll
0x00007ff827500000 - 0x00007ff82750a000 	C:\windows\SYSTEM32\VERSION.dll
0x00007ff833960000 - 0x00007ff833991000 	C:\windows\System32\IMM32.DLL
0x00007ff81e2c0000 - 0x00007ff81e2cc000 	C:\Program Files\Java\jdk-17\bin\vcruntime140_1.dll
0x00007fffef670000 - 0x00007fffef6fe000 	C:\Program Files\Java\jdk-17\bin\msvcp140.dll
0x00007fff98be0000 - 0x00007fff997bd000 	C:\Program Files\Java\jdk-17\bin\server\jvm.dll
0x00007ff833950000 - 0x00007ff833958000 	C:\windows\System32\PSAPI.DLL
0x00007ff828ec0000 - 0x00007ff828ef4000 	C:\windows\SYSTEM32\WINMM.dll
0x00007ff82c0a0000 - 0x00007ff82c0a9000 	C:\windows\SYSTEM32\WSOCK32.dll
0x00007ff832010000 - 0x00007ff832081000 	C:\windows\System32\WS2_32.dll
0x00007ff82fde0000 - 0x00007ff82fdf8000 	C:\windows\SYSTEM32\kernel.appcore.dll
0x00007ff81e2b0000 - 0x00007ff81e2ba000 	C:\Program Files\Java\jdk-17\bin\jimage.dll
0x00007ff81e5d0000 - 0x00007ff81e803000 	C:\windows\SYSTEM32\DBGHELP.DLL
0x00007ff832f80000 - 0x00007ff833309000 	C:\windows\System32\combase.dll
0x00007ff832140000 - 0x00007ff832217000 	C:\windows\System32\OLEAUT32.dll
0x00007ff814ff0000 - 0x00007ff815022000 	C:\windows\SYSTEM32\dbgcore.DLL
0x00007ff831050000 - 0x00007ff8310ca000 	C:\windows\System32\bcryptPrimitives.dll
0x00007ff81afa0000 - 0x00007ff81afc5000 	C:\Program Files\Java\jdk-17\bin\java.dll

dbghelp: loaded successfully - version: 4.0.5 - missing functions: none
symbol engine: initialized successfully - sym options: 0x614 - pdb path: .;C:\Program Files\Java\jdk-17\bin;C:\windows\SYSTEM32;C:\windows\WinSxS\amd64_microsoft.windows.common-controls_6595b64144ccf1df_6.0.22621.2506_none_270c5ae97388e100;C:\Program Files\Java\jdk-17\bin\server

VM Arguments:
jvm_args: -Dfile.encoding=UTF-8 --module-path=C:\Users\Aksha\OneDrive\Documents\NetBeansProjects\bank managment system\build\classes 
java_command: bank.managment.system.Login
java_class_path (initial): C:\Users\Aksha\OneDrive\Documents\NetBeansProjects\bank managment system\build\classes
Launcher Type: SUN_STANDARD

[Global flags]
     intx CICompilerCount                          = 4                                         {product} {ergonomic}
     uint ConcGCThreads                            = 3                                         {product} {ergonomic}
     uint G1ConcRefinementThreads                  = 10                                        {product} {ergonomic}
   size_t G1HeapRegionSize                         = 1048576                                   {product} {ergonomic}
    uintx GCDrainStackTargetSize                   = 64                                        {product} {ergonomic}
   size_t InitialHeapSize                          = 123731968                                 {product} {ergonomic}
   size_t MarkStackSize                            = 4194304                                   {product} {ergonomic}
   size_t MaxHeapSize                              = 1967128576                                {product} {ergonomic}
   size_t MinHeapDeltaBytes                        = 1048576                                   {product} {ergonomic}
   size_t MinHeapSize                              = 8388608                                   {product} {ergonomic}
    uintx NonNMethodCodeHeapSize                   = 5839372                                {pd product} {ergonomic}
    uintx NonProfiledCodeHeapSize                  = 122909434                              {pd product} {ergonomic}
    uintx ProfiledCodeHeapSize                     = 122909434                              {pd product} {ergonomic}
    uintx ReservedCodeCacheSize                    = 251658240                              {pd product} {ergonomic}
     bool SegmentedCodeCache                       = true                                      {product} {ergonomic}
   size_t SoftMaxHeapSize                          = 1967128576                             {manageable} {ergonomic}
     bool UseCompressedClassPointers               = true                           {product lp64_product} {ergonomic}
     bool UseCompressedOops                        = true                           {product lp64_product} {ergonomic}
     bool UseG1GC                                  = true                                      {product} {ergonomic}
     bool UseLargePagesIndividualAllocation        = false                                  {pd product} {ergonomic}

Logging:
Log output configuration:
 #0: stdout all=warning uptime,level,tags
 #1: stderr all=off uptime,level,tags

Environment Variables:
PATH=C:\Program Files\Common Files\Oracle\Java\javapath;C:\windows\system32;C:\windows;C:\windows\System32\Wbem;C:\windows\System32\WindowsPowerShell\v1.0\;C:\windows\System32\OpenSSH\;C:\Program Files\Java\jdk-17\bin;C:\Program Files\MySQL\MySQL Shell 8.0\bin\;C:\Users\Aksha\AppData\Local\Programs\Python\Python37-32\Scripts\;C:\Users\Aksha\AppData\Local\Programs\Python\Python37-32\;C:\Users\Aksha\AppData\Local\Microsoft\WindowsApps;C:\Users\Aksha\AppData\Local\Programs\Microsoft VS Code\bin;C:\Program Files\Java\jdk-17\bin;
USERNAME=Aksha
OS=Windows_NT
PROCESSOR_IDENTIFIER=AMD64 Family 23 Model 104 Stepping 1, AuthenticAMD



---------------  S Y S T E M  ---------------

OS:
 Windows 11 , 64 bit Build 22621 (10.0.22621.2506)
OS uptime: 0 days 23:53 hours
Hyper-V role detected

CPU: total 12 (initial active 12) (12 cores per cpu, 2 threads per core) family 23 model 104 stepping 1 microcode 0x0, cx8, cmov, fxsr, ht, mmx, 3dnowpref, sse, sse2, sse3, ssse3, sse4a, sse4.1, sse4.2, popcnt, lzcnt, tsc, tscinvbit, avx, avx2, aes, clmul, bmi1, bmi2, adx, sha, fma, vzeroupper, clflush, clflushopt, hv

Memory: 4k page, system-wide physical 7502M (533M free)
TotalPageFile size 30030M (AvailPageFile size 74M)
current process WorkingSet (physical memory assigned to process): 11M, peak: 11M
current process commit charge ("private bytes"): 64M, peak: 182M

vm_info: Java HotSpot(TM) 64-Bit Server VM (17.0.7+8-LTS-224) for windows-amd64 JRE (17.0.7+8-LTS-224), built on Feb 28 2023 23:03:02 by "mach5one" with MS VC++ 17.1 (VS2022)

END.
