#
# There is insufficient memory for the Java Runtime Environment to continue.
# Native memory allocation (malloc) failed to allocate 32744 bytes for ChunkPool::allocate
# Possible reasons:
#   The system is out of physical RAM or swap space
#   The process is running with CompressedOops enabled, and the Java Heap may be blocking the growth of the native heap
# Possible solutions:
#   Reduce memory load on the system
#   Increase physical memory or swap space
#   Check if swap backing store is full
#   Decrease Java heap size (-Xmx/-Xms)
#   Decrease number of Java threads
#   Decrease Java thread stack sizes (-Xss)
#   Set larger code cache with -XX:ReservedCodeCacheSize=
#   JVM is running with Unscaled Compressed Oops mode in which the Java heap is
#     placed in the first 4GB address space. The Java Heap base address is the
#     maximum limit for the native heap growth. Please use -XX:HeapBaseMinAddress
#     to set the Java Heap base and to place the Java Heap above 4GB virtual address.
# This output file may be truncated or incomplete.
#
#  Out of Memory Error (arena.cpp:78), pid=30388, tid=3600
#
# JRE version: Java(TM) SE Runtime Environment (17.0.7+8) (build 17.0.7+8-LTS-224)
# Java VM: Java HotSpot(TM) 64-Bit Server VM (17.0.7+8-LTS-224, mixed mode, sharing, tiered, compressed oops, compressed class ptrs, g1 gc, windows-amd64)
# No core dump will be written. Minidumps are not enabled by default on client versions of Windows
#

---------------  S U M M A R Y ------------

Command Line: -Dfile.encoding=UTF-8 --module-path=C:\Users\Aksha\OneDrive\Documents\NetBeansProjects\bank managment system\build\classes bank.managment.system.Login

Host: AMD Ryzen 5 5500U with Radeon Graphics         , 12 cores, 7G,  Windows 11 , 64 bit Build 22621 (10.0.22621.2506)
Time: Wed Jan 17 14:35:19 2024 India Standard Time elapsed time: 1.419818 seconds (0d 0h 0m 1s)

---------------  T H R E A D  ---------------

Current thread (0x000001435aceac20):  JavaThread "C2 CompilerThread0" daemon [_thread_in_native, id=3600, stack(0x0000002610b00000,0x0000002610c00000)]


Current CompileTask:
C2:   1420 1128   !   4       sun.font.TrueTypeFont::getTableBuffer (215 bytes)

Stack: [0x0000002610b00000,0x0000002610c00000]
Native frames: (J=compiled Java code, j=interpreted, Vv=VM code, C=native code)
V  [jvm.dll+0x676a4a]
V  [jvm.dll+0x7d74f4]
V  [jvm.dll+0x7d8c9e]
V  [jvm.dll+0x7d9303]
V  [jvm.dll+0x2452c5]
V  [jvm.dll+0xaac80]
V  [jvm.dll+0xaafcc]
V  [jvm.dll+0xaab44]
V  [jvm.dll+0x655291]
V  [jvm.dll+0x653c78]
V  [jvm.dll+0x617b9b]
V  [jvm.dll+0x610f7e]
V  [jvm.dll+0x33d4c9]
V  [jvm.dll+0x684b2b]
V  [jvm.dll+0x684226]
V  [jvm.dll+0x1a67fc]
V  [jvm.dll+0x1a738b]
V  [jvm.dll+0x2a9e5c]
V  [jvm.dll+0x68f043]
V  [jvm.dll+0x687016]
V  [jvm.dll+0x686660]
V  [jvm.dll+0x68456a]
V  [jvm.dll+0x1a67fc]
V  [jvm.dll+0x1a738b]
V  [jvm.dll+0x2a9e5c]
V  [jvm.dll+0x68f043]
V  [jvm.dll+0x687016]
V  [jvm.dll+0x686660]
V  [jvm.dll+0x68456a]
V  [jvm.dll+0x1a67fc]
V  [jvm.dll+0x1a738b]
V  [jvm.dll+0x2a9e5c]
V  [jvm.dll+0x68f043]
V  [jvm.dll+0x687016]
V  [jvm.dll+0x686660]
V  [jvm.dll+0x68456a]
V  [jvm.dll+0x1a67fc]
V  [jvm.dll+0x1a738b]
V  [jvm.dll+0x2a9e5c]
V  [jvm.dll+0x68f043]
V  [jvm.dll+0x687016]
V  [jvm.dll+0x686660]
V  [jvm.dll+0x68456a]
V  [jvm.dll+0x1a67fc]
V  [jvm.dll+0x1a738b]
V  [jvm.dll+0x2a9e5c]
V  [jvm.dll+0x68f043]
V  [jvm.dll+0x687016]
V  [jvm.dll+0x686660]
V  [jvm.dll+0x68456a]
V  [jvm.dll+0x1a67fc]
V  [jvm.dll+0x1a738b]
V  [jvm.dll+0x2a9e5c]
V  [jvm.dll+0x68f043]
V  [jvm.dll+0x687016]
V  [jvm.dll+0x686660]
V  [jvm.dll+0x68456a]
V  [jvm.dll+0x1a67fc]
V  [jvm.dll+0x1a738b]
V  [jvm.dll+0x2a9e5c]
V  [jvm.dll+0x68f043]
V  [jvm.dll+0x687016]
V  [jvm.dll+0x686660]
V  [jvm.dll+0x68456a]
V  [jvm.dll+0x1a67fc]
V  [jvm.dll+0x2a9e5c]
V  [jvm.dll+0x68f043]
V  [jvm.dll+0x687016]
V  [jvm.dll+0x686660]
V  [jvm.dll+0x68456a]
V  [jvm.dll+0x1a67fc]
V  [jvm.dll+0x1a738b]
V  [jvm.dll+0x2a9e5c]
V  [jvm.dll+0x68f043]
V  [jvm.dll+0x687016]
V  [jvm.dll+0x686660]
V  [jvm.dll+0x68456a]
V  [jvm.dll+0x1a67fc]
V  [jvm.dll+0x2a9e5c]
V  [jvm.dll+0x68f043]
V  [jvm.dll+0x687016]
V  [jvm.dll+0x686660]
V  [jvm.dll+0x68456a]
V  [jvm.dll+0x1a67fc]
V  [jvm.dll+0x2a9e5c]
V  [jvm.dll+0x68f043]
V  [jvm.dll+0x687016]
V  [jvm.dll+0x686660]
V  [jvm.dll+0x68456a]
V  [jvm.dll+0x1a67fc]
V  [jvm.dll+0x1a738b]
V  [jvm.dll+0x2a9e5c]
V  [jvm.dll+0x68f043]
V  [jvm.dll+0x687016]
V  [jvm.dll+0x686660]
V  [jvm.dll+0x68456a]
V  [jvm.dll+0x1a67fc]
V  [jvm.dll+0x216ab8]
V  [jvm.dll+0x1a35e0]
...<more frames>...


---------------  P R O C E S S  ---------------

Threads class SMR info:
_java_thread_list=0x000001435c427e40, length=19, elements={
0x000001435acb2fe0, 0x000001435acb3c50, 0x000001435acc5720, 0x000001435acc74f0,
0x000001435acc7ea0, 0x000001435acc9e80, 0x000001435aceac20, 0x000001435acfc420,
0x000001435ad00150, 0x000001435ac988c0, 0x000001435b9250b0, 0x000001435bac9210,
0x000001435bac96e0, 0x000001435bac9bb0, 0x000001435c139070, 0x000001435c17e570,
0x000001433cd183f0, 0x000001435c2361a0, 0x000001435c417200
}

Java Threads: ( => current thread )
  0x000001435acb2fe0 JavaThread "Reference Handler" daemon [_thread_blocked, id=3880, stack(0x0000002610500000,0x0000002610600000)]
  0x000001435acb3c50 JavaThread "Finalizer" daemon [_thread_blocked, id=26504, stack(0x0000002610600000,0x0000002610700000)]
  0x000001435acc5720 JavaThread "Signal Dispatcher" daemon [_thread_blocked, id=14816, stack(0x0000002610700000,0x0000002610800000)]
  0x000001435acc74f0 JavaThread "Attach Listener" daemon [_thread_blocked, id=29188, stack(0x0000002610800000,0x0000002610900000)]
  0x000001435acc7ea0 JavaThread "Service Thread" daemon [_thread_blocked, id=3760, stack(0x0000002610900000,0x0000002610a00000)]
  0x000001435acc9e80 JavaThread "Monitor Deflation Thread" daemon [_thread_blocked, id=30080, stack(0x0000002610a00000,0x0000002610b00000)]
=>0x000001435aceac20 JavaThread "C2 CompilerThread0" daemon [_thread_in_native, id=3600, stack(0x0000002610b00000,0x0000002610c00000)]
  0x000001435acfc420 JavaThread "C1 CompilerThread0" daemon [_thread_blocked, id=25804, stack(0x0000002610c00000,0x0000002610d00000)]
  0x000001435ad00150 JavaThread "Sweeper thread" daemon [_thread_blocked, id=29896, stack(0x0000002610d00000,0x0000002610e00000)]
  0x000001435ac988c0 JavaThread "Common-Cleaner" daemon [_thread_blocked, id=17912, stack(0x0000002610e00000,0x0000002610f00000)]
  0x000001435b9250b0 JavaThread "Notification Thread" daemon [_thread_blocked, id=21704, stack(0x0000002610f00000,0x0000002611000000)]
  0x000001435bac9210 JavaThread "Java2D Disposer" daemon [_thread_blocked, id=19552, stack(0x0000002611100000,0x0000002611200000)]
  0x000001435bac96e0 JavaThread "AWT-Shutdown" [_thread_blocked, id=5184, stack(0x0000002611200000,0x0000002611300000)]
  0x000001435bac9bb0 JavaThread "AWT-Windows" daemon [_thread_in_native, id=20700, stack(0x0000002611300000,0x0000002611400000)]
  0x000001435c139070 JavaThread "Image Fetcher 0" daemon [_thread_blocked, id=26576, stack(0x0000002611e00000,0x0000002611f00000)]
  0x000001435c17e570 JavaThread "AWT-EventQueue-0" [_thread_in_native, id=9776, stack(0x0000002612000000,0x0000002612100000)]
  0x000001433cd183f0 JavaThread "DestroyJavaVM" [_thread_blocked, id=27032, stack(0x000000260fe00000,0x000000260ff00000)]
  0x000001435c2361a0 JavaThread "D3D Screen Updater" daemon [_thread_blocked, id=4552, stack(0x0000002612200000,0x0000002612300000)]
  0x000001435c417200 JavaThread "C2 CompilerThread1" daemon [_thread_blocked, id=15856, stack(0x0000002611f00000,0x0000002612000000)]

Other Threads:
  0x000001435acaa0c0 VMThread "VM Thread" [stack: 0x0000002610400000,0x0000002610500000] [id=2796]
  0x000001435b9315b0 WatcherThread [stack: 0x0000002611000000,0x0000002611100000] [id=13304]
  0x000001433cd6e3c0 GCTaskThread "GC Thread#0" [stack: 0x000000260ff00000,0x0000002610000000] [id=24148]
  0x000001433cd7dd80 ConcurrentGCThread "G1 Main Marker" [stack: 0x0000002610000000,0x0000002610100000] [id=25648]
  0x000001433cd7e790 ConcurrentGCThread "G1 Conc#0" [stack: 0x0000002610100000,0x0000002610200000] [id=12256]
  0x000001433cdee860 ConcurrentGCThread "G1 Refine#0" [stack: 0x0000002610200000,0x0000002610300000] [id=19376]
  0x000001435ab66410 ConcurrentGCThread "G1 Service" [stack: 0x0000002610300000,0x0000002610400000] [id=12040]

Threads with active compile tasks:
C2 CompilerThread0     1505 1128   !   4       sun.font.TrueTypeFont::getTableBuffer (215 bytes)

VM state: not at safepoint (normal execution)

VM Mutex/Monitor currently owned by a thread: None

Heap address: 0x000000008ac00000, size: 1876 MB, Compressed Oops mode: 32-bit

CDS archive(s) mapped at: [0x0000000800000000-0x0000000800bd0000-0x0000000800bd0000), size 12386304, SharedBaseAddress: 0x0000000800000000, ArchiveRelocationMode: 0.
Compressed class space mapped at: 0x0000000800c00000-0x0000000840c00000, reserved size: 1073741824
Narrow klass base: 0x0000000800000000, Narrow klass shift: 0, Narrow klass range: 0x100000000

GC Precious Log:
 CPUs: 12 total, 12 available
 Memory: 7502M
 Large Page Support: Disabled
 NUMA Support: Disabled
 Compressed Oops: Enabled (32-bit)
 Heap Region Size: 1M
 Heap Min Capacity: 8M
 Heap Initial Capacity: 118M
 Heap Max Capacity: 1876M
 Pre-touch: Disabled
 Parallel Workers: 10
 Concurrent Workers: 3
 Concurrent Refinement Workers: 10
 Periodic GC: Disabled

Heap:
 garbage-first heap   total 120832K, used 17408K [0x000000008ac00000, 0x0000000100000000)
  region size 1024K, 18 young (18432K), 0 survivors (0K)
 Metaspace       used 8028K, committed 8256K, reserved 1056768K
  class space    used 903K, committed 1024K, reserved 1048576K

Heap Regions: E=young(eden), S=young(survivor), O=old, HS=humongous(starts), HC=humongous(continues), CS=collection set, F=free, OA=open archive, CA=closed archive, TAMS=top-at-mark-start (previous, next)
|   0|0x000000008ac00000, 0x000000008ac00000, 0x000000008ad00000|  0%| F|  |TAMS 0x000000008ac00000, 0x000000008ac00000| Untracked 
|   1|0x000000008ad00000, 0x000000008ad00000, 0x000000008ae00000|  0%| F|  |TAMS 0x000000008ad00000, 0x000000008ad00000| Untracked 
|   2|0x000000008ae00000, 0x000000008ae00000, 0x000000008af00000|  0%| F|  |TAMS 0x000000008ae00000, 0x000000008ae00000| Untracked 
|   3|0x000000008af00000, 0x000000008af00000, 0x000000008b000000|  0%| F|  |TAMS 0x000000008af00000, 0x000000008af00000| Untracked 
|   4|0x000000008b000000, 0x000000008b000000, 0x000000008b100000|  0%| F|  |TAMS 0x000000008b000000, 0x000000008b000000| Untracked 
|   5|0x000000008b100000, 0x000000008b100000, 0x000000008b200000|  0%| F|  |TAMS 0x000000008b100000, 0x000000008b100000| Untracked 
|   6|0x000000008b200000, 0x000000008b200000, 0x000000008b300000|  0%| F|  |TAMS 0x000000008b200000, 0x000000008b200000| Untracked 
|   7|0x000000008b300000, 0x000000008b300000, 0x000000008b400000|  0%| F|  |TAMS 0x000000008b300000, 0x000000008b300000| Untracked 
|   8|0x000000008b400000, 0x000000008b400000, 0x000000008b500000|  0%| F|  |TAMS 0x000000008b400000, 0x000000008b400000| Untracked 
|   9|0x000000008b500000, 0x000000008b500000, 0x000000008b600000|  0%| F|  |TAMS 0x000000008b500000, 0x000000008b500000| Untracked 
|  10|0x000000008b600000, 0x000000008b600000, 0x000000008b700000|  0%| F|  |TAMS 0x000000008b600000, 0x000000008b600000| Untracked 
|  11|0x000000008b700000, 0x000000008b700000, 0x000000008b800000|  0%| F|  |TAMS 0x000000008b700000, 0x000000008b700000| Untracked 
|  12|0x000000008b800000, 0x000000008b800000, 0x000000008b900000|  0%| F|  |TAMS 0x000000008b800000, 0x000000008b800000| Untracked 
|  13|0x000000008b900000, 0x000000008b900000, 0x000000008ba00000|  0%| F|  |TAMS 0x000000008b900000, 0x000000008b900000| Untracked 
|  14|0x000000008ba00000, 0x000000008ba00000, 0x000000008bb00000|  0%| F|  |TAMS 0x000000008ba00000, 0x000000008ba00000| Untracked 
|  15|0x000000008bb00000, 0x000000008bb00000, 0x000000008bc00000|  0%| F|  |TAMS 0x000000008bb00000, 0x000000008bb00000| Untracked 
|  16|0x000000008bc00000, 0x000000008bc00000, 0x000000008bd00000|  0%| F|  |TAMS 0x000000008bc00000, 0x000000008bc00000| Untracked 
|  17|0x000000008bd00000, 0x000000008bd00000, 0x000000008be00000|  0%| F|  |TAMS 0x000000008bd00000, 0x000000008bd00000| Untracked 
|  18|0x000000008be00000, 0x000000008be00000, 0x000000008bf00000|  0%| F|  |TAMS 0x000000008be00000, 0x000000008be00000| Untracked 
|  19|0x000000008bf00000, 0x000000008bf00000, 0x000000008c000000|  0%| F|  |TAMS 0x000000008bf00000, 0x000000008bf00000| Untracked 
|  20|0x000000008c000000, 0x000000008c000000, 0x000000008c100000|  0%| F|  |TAMS 0x000000008c000000, 0x000000008c000000| Untracked 
|  21|0x000000008c100000, 0x000000008c100000, 0x000000008c200000|  0%| F|  |TAMS 0x000000008c100000, 0x000000008c100000| Untracked 
|  22|0x000000008c200000, 0x000000008c200000, 0x000000008c300000|  0%| F|  |TAMS 0x000000008c200000, 0x000000008c200000| Untracked 
|  23|0x000000008c300000, 0x000000008c300000, 0x000000008c400000|  0%| F|  |TAMS 0x000000008c300000, 0x000000008c300000| Untracked 
|  24|0x000000008c400000, 0x000000008c400000, 0x000000008c500000|  0%| F|  |TAMS 0x000000008c400000, 0x000000008c400000| Untracked 
|  25|0x000000008c500000, 0x000000008c500000, 0x000000008c600000|  0%| F|  |TAMS 0x000000008c500000, 0x000000008c500000| Untracked 
|  26|0x000000008c600000, 0x000000008c600000, 0x000000008c700000|  0%| F|  |TAMS 0x000000008c600000, 0x000000008c600000| Untracked 
|  27|0x000000008c700000, 0x000000008c700000, 0x000000008c800000|  0%| F|  |TAMS 0x000000008c700000, 0x000000008c700000| Untracked 
|  28|0x000000008c800000, 0x000000008c800000, 0x000000008c900000|  0%| F|  |TAMS 0x000000008c800000, 0x000000008c800000| Untracked 
|  29|0x000000008c900000, 0x000000008c900000, 0x000000008ca00000|  0%| F|  |TAMS 0x000000008c900000, 0x000000008c900000| Untracked 
|  30|0x000000008ca00000, 0x000000008ca00000, 0x000000008cb00000|  0%| F|  |TAMS 0x000000008ca00000, 0x000000008ca00000| Untracked 
|  31|0x000000008cb00000, 0x000000008cb00000, 0x000000008cc00000|  0%| F|  |TAMS 0x000000008cb00000, 0x000000008cb00000| Untracked 
|  32|0x000000008cc00000, 0x000000008cc00000, 0x000000008cd00000|  0%| F|  |TAMS 0x000000008cc00000, 0x000000008cc00000| Untracked 
|  33|0x000000008cd00000, 0x000000008cd00000, 0x000000008ce00000|  0%| F|  |TAMS 0x000000008cd00000, 0x000000008cd00000| Untracked 
|  34|0x000000008ce00000, 0x000000008ce00000, 0x000000008cf00000|  0%| F|  |TAMS 0x000000008ce00000, 0x000000008ce00000| Untracked 
|  35|0x000000008cf00000, 0x000000008cf00000, 0x000000008d000000|  0%| F|  |TAMS 0x000000008cf00000, 0x000000008cf00000| Untracked 
|  36|0x000000008d000000, 0x000000008d000000, 0x000000008d100000|  0%| F|  |TAMS 0x000000008d000000, 0x000000008d000000| Untracked 
|  37|0x000000008d100000, 0x000000008d100000, 0x000000008d200000|  0%| F|  |TAMS 0x000000008d100000, 0x000000008d100000| Untracked 
|  38|0x000000008d200000, 0x000000008d200000, 0x000000008d300000|  0%| F|  |TAMS 0x000000008d200000, 0x000000008d200000| Untracked 
|  39|0x000000008d300000, 0x000000008d300000, 0x000000008d400000|  0%| F|  |TAMS 0x000000008d300000, 0x000000008d300000| Untracked 
|  40|0x000000008d400000, 0x000000008d400000, 0x000000008d500000|  0%| F|  |TAMS 0x000000008d400000, 0x000000008d400000| Untracked 
|  41|0x000000008d500000, 0x000000008d500000, 0x000000008d600000|  0%| F|  |TAMS 0x000000008d500000, 0x000000008d500000| Untracked 
|  42|0x000000008d600000, 0x000000008d600000, 0x000000008d700000|  0%| F|  |TAMS 0x000000008d600000, 0x000000008d600000| Untracked 
|  43|0x000000008d700000, 0x000000008d700000, 0x000000008d800000|  0%| F|  |TAMS 0x000000008d700000, 0x000000008d700000| Untracked 
|  44|0x000000008d800000, 0x000000008d800000, 0x000000008d900000|  0%| F|  |TAMS 0x000000008d800000, 0x000000008d800000| Untracked 
|  45|0x000000008d900000, 0x000000008d900000, 0x000000008da00000|  0%| F|  |TAMS 0x000000008d900000, 0x000000008d900000| Untracked 
|  46|0x000000008da00000, 0x000000008da00000, 0x000000008db00000|  0%| F|  |TAMS 0x000000008da00000, 0x000000008da00000| Untracked 
|  47|0x000000008db00000, 0x000000008db00000, 0x000000008dc00000|  0%| F|  |TAMS 0x000000008db00000, 0x000000008db00000| Untracked 
|  48|0x000000008dc00000, 0x000000008dc00000, 0x000000008dd00000|  0%| F|  |TAMS 0x000000008dc00000, 0x000000008dc00000| Untracked 
|  49|0x000000008dd00000, 0x000000008dd00000, 0x000000008de00000|  0%| F|  |TAMS 0x000000008dd00000, 0x000000008dd00000| Untracked 
|  50|0x000000008de00000, 0x000000008de00000, 0x000000008df00000|  0%| F|  |TAMS 0x000000008de00000, 0x000000008de00000| Untracked 
|  51|0x000000008df00000, 0x000000008df00000, 0x000000008e000000|  0%| F|  |TAMS 0x000000008df00000, 0x000000008df00000| Untracked 
|  52|0x000000008e000000, 0x000000008e000000, 0x000000008e100000|  0%| F|  |TAMS 0x000000008e000000, 0x000000008e000000| Untracked 
|  53|0x000000008e100000, 0x000000008e100000, 0x000000008e200000|  0%| F|  |TAMS 0x000000008e100000, 0x000000008e100000| Untracked 
|  54|0x000000008e200000, 0x000000008e200000, 0x000000008e300000|  0%| F|  |TAMS 0x000000008e200000, 0x000000008e200000| Untracked 
|  55|0x000000008e300000, 0x000000008e300000, 0x000000008e400000|  0%| F|  |TAMS 0x000000008e300000, 0x000000008e300000| Untracked 
|  56|0x000000008e400000, 0x000000008e400000, 0x000000008e500000|  0%| F|  |TAMS 0x000000008e400000, 0x000000008e400000| Untracked 
|  57|0x000000008e500000, 0x000000008e500000, 0x000000008e600000|  0%| F|  |TAMS 0x000000008e500000, 0x000000008e500000| Untracked 
|  58|0x000000008e600000, 0x000000008e600000, 0x000000008e700000|  0%| F|  |TAMS 0x000000008e600000, 0x000000008e600000| Untracked 
|  59|0x000000008e700000, 0x000000008e700000, 0x000000008e800000|  0%| F|  |TAMS 0x000000008e700000, 0x000000008e700000| Untracked 
|  60|0x000000008e800000, 0x000000008e800000, 0x000000008e900000|  0%| F|  |TAMS 0x000000008e800000, 0x000000008e800000| Untracked 
|  61|0x000000008e900000, 0x000000008e900000, 0x000000008ea00000|  0%| F|  |TAMS 0x000000008e900000, 0x000000008e900000| Untracked 
|  62|0x000000008ea00000, 0x000000008ea00000, 0x000000008eb00000|  0%| F|  |TAMS 0x000000008ea00000, 0x000000008ea00000| Untracked 
|  63|0x000000008eb00000, 0x000000008eb00000, 0x000000008ec00000|  0%| F|  |TAMS 0x000000008eb00000, 0x000000008eb00000| Untracked 
|  64|0x000000008ec00000, 0x000000008ec00000, 0x000000008ed00000|  0%| F|  |TAMS 0x000000008ec00000, 0x000000008ec00000| Untracked 
|  65|0x000000008ed00000, 0x000000008ed00000, 0x000000008ee00000|  0%| F|  |TAMS 0x000000008ed00000, 0x000000008ed00000| Untracked 
|  66|0x000000008ee00000, 0x000000008ee00000, 0x000000008ef00000|  0%| F|  |TAMS 0x000000008ee00000, 0x000000008ee00000| Untracked 
|  67|0x000000008ef00000, 0x000000008ef00000, 0x000000008f000000|  0%| F|  |TAMS 0x000000008ef00000, 0x000000008ef00000| Untracked 
|  68|0x000000008f000000, 0x000000008f000000, 0x000000008f100000|  0%| F|  |TAMS 0x000000008f000000, 0x000000008f000000| Untracked 
|  69|0x000000008f100000, 0x000000008f100000, 0x000000008f200000|  0%| F|  |TAMS 0x000000008f100000, 0x000000008f100000| Untracked 
|  70|0x000000008f200000, 0x000000008f200000, 0x000000008f300000|  0%| F|  |TAMS 0x000000008f200000, 0x000000008f200000| Untracked 
|  71|0x000000008f300000, 0x000000008f300000, 0x000000008f400000|  0%| F|  |TAMS 0x000000008f300000, 0x000000008f300000| Untracked 
|  72|0x000000008f400000, 0x000000008f400000, 0x000000008f500000|  0%| F|  |TAMS 0x000000008f400000, 0x000000008f400000| Untracked 
|  73|0x000000008f500000, 0x000000008f500000, 0x000000008f600000|  0%| F|  |TAMS 0x000000008f500000, 0x000000008f500000| Untracked 
|  74|0x000000008f600000, 0x000000008f600000, 0x000000008f700000|  0%| F|  |TAMS 0x000000008f600000, 0x000000008f600000| Untracked 
|  75|0x000000008f700000, 0x000000008f700000, 0x000000008f800000|  0%| F|  |TAMS 0x000000008f700000, 0x000000008f700000| Untracked 
|  76|0x000000008f800000, 0x000000008f800000, 0x000000008f900000|  0%| F|  |TAMS 0x000000008f800000, 0x000000008f800000| Untracked 
|  77|0x000000008f900000, 0x000000008f900000, 0x000000008fa00000|  0%| F|  |TAMS 0x000000008f900000, 0x000000008f900000| Untracked 
|  78|0x000000008fa00000, 0x000000008fa00000, 0x000000008fb00000|  0%| F|  |TAMS 0x000000008fa00000, 0x000000008fa00000| Untracked 
|  79|0x000000008fb00000, 0x000000008fb00000, 0x000000008fc00000|  0%| F|  |TAMS 0x000000008fb00000, 0x000000008fb00000| Untracked 
|  80|0x000000008fc00000, 0x000000008fc00000, 0x000000008fd00000|  0%| F|  |TAMS 0x000000008fc00000, 0x000000008fc00000| Untracked 
|  81|0x000000008fd00000, 0x000000008fd00000, 0x000000008fe00000|  0%| F|  |TAMS 0x000000008fd00000, 0x000000008fd00000| Untracked 
|  82|0x000000008fe00000, 0x000000008fe00000, 0x000000008ff00000|  0%| F|  |TAMS 0x000000008fe00000, 0x000000008fe00000| Untracked 
|  83|0x000000008ff00000, 0x000000008ff00000, 0x0000000090000000|  0%| F|  |TAMS 0x000000008ff00000, 0x000000008ff00000| Untracked 
|  84|0x0000000090000000, 0x0000000090000000, 0x0000000090100000|  0%| F|  |TAMS 0x0000000090000000, 0x0000000090000000| Untracked 
|  85|0x0000000090100000, 0x0000000090100000, 0x0000000090200000|  0%| F|  |TAMS 0x0000000090100000, 0x0000000090100000| Untracked 
|  86|0x0000000090200000, 0x0000000090200000, 0x0000000090300000|  0%| F|  |TAMS 0x0000000090200000, 0x0000000090200000| Untracked 
|  87|0x0000000090300000, 0x0000000090300000, 0x0000000090400000|  0%| F|  |TAMS 0x0000000090300000, 0x0000000090300000| Untracked 
|  88|0x0000000090400000, 0x0000000090400000, 0x0000000090500000|  0%| F|  |TAMS 0x0000000090400000, 0x0000000090400000| Untracked 
|  89|0x0000000090500000, 0x0000000090500000, 0x0000000090600000|  0%| F|  |TAMS 0x0000000090500000, 0x0000000090500000| Untracked 
|  90|0x0000000090600000, 0x0000000090600000, 0x0000000090700000|  0%| F|  |TAMS 0x0000000090600000, 0x0000000090600000| Untracked 
|  91|0x0000000090700000, 0x0000000090700000, 0x0000000090800000|  0%| F|  |TAMS 0x0000000090700000, 0x0000000090700000| Untracked 
|  92|0x0000000090800000, 0x0000000090800000, 0x0000000090900000|  0%| F|  |TAMS 0x0000000090800000, 0x0000000090800000| Untracked 
|  93|0x0000000090900000, 0x0000000090900000, 0x0000000090a00000|  0%| F|  |TAMS 0x0000000090900000, 0x0000000090900000| Untracked 
|  94|0x0000000090a00000, 0x0000000090a00000, 0x0000000090b00000|  0%| F|  |TAMS 0x0000000090a00000, 0x0000000090a00000| Untracked 
|  95|0x0000000090b00000, 0x0000000090b00000, 0x0000000090c00000|  0%| F|  |TAMS 0x0000000090b00000, 0x0000000090b00000| Untracked 
|  96|0x0000000090c00000, 0x0000000090c00000, 0x0000000090d00000|  0%| F|  |TAMS 0x0000000090c00000, 0x0000000090c00000| Untracked 
|  97|0x0000000090d00000, 0x0000000090d00000, 0x0000000090e00000|  0%| F|  |TAMS 0x0000000090d00000, 0x0000000090d00000| Untracked 
|  98|0x0000000090e00000, 0x0000000090e00000, 0x0000000090f00000|  0%| F|  |TAMS 0x0000000090e00000, 0x0000000090e00000| Untracked 
|  99|0x0000000090f00000, 0x0000000090f00000, 0x0000000091000000|  0%| F|  |TAMS 0x0000000090f00000, 0x0000000090f00000| Untracked 
| 100|0x0000000091000000, 0x00000000910ecb48, 0x0000000091100000| 92%| E|  |TAMS 0x0000000091000000, 0x0000000091000000| Complete 
| 101|0x0000000091100000, 0x0000000091200000, 0x0000000091200000|100%| E|CS|TAMS 0x0000000091100000, 0x0000000091100000| Complete 
| 102|0x0000000091200000, 0x0000000091300000, 0x0000000091300000|100%| E|CS|TAMS 0x0000000091200000, 0x0000000091200000| Complete 
| 103|0x0000000091300000, 0x0000000091400000, 0x0000000091400000|100%| E|CS|TAMS 0x0000000091300000, 0x0000000091300000| Complete 
| 104|0x0000000091400000, 0x0000000091500000, 0x0000000091500000|100%| E|CS|TAMS 0x0000000091400000, 0x0000000091400000| Complete 
| 105|0x0000000091500000, 0x0000000091600000, 0x0000000091600000|100%| E|CS|TAMS 0x0000000091500000, 0x0000000091500000| Complete 
| 106|0x0000000091600000, 0x0000000091700000, 0x0000000091700000|100%| E|CS|TAMS 0x0000000091600000, 0x0000000091600000| Complete 
| 107|0x0000000091700000, 0x0000000091800000, 0x0000000091800000|100%| E|CS|TAMS 0x0000000091700000, 0x0000000091700000| Complete 
| 108|0x0000000091800000, 0x0000000091900000, 0x0000000091900000|100%| E|CS|TAMS 0x0000000091800000, 0x0000000091800000| Complete 
| 109|0x0000000091900000, 0x0000000091a00000, 0x0000000091a00000|100%| E|CS|TAMS 0x0000000091900000, 0x0000000091900000| Complete 
| 110|0x0000000091a00000, 0x0000000091b00000, 0x0000000091b00000|100%| E|CS|TAMS 0x0000000091a00000, 0x0000000091a00000| Complete 
| 111|0x0000000091b00000, 0x0000000091c00000, 0x0000000091c00000|100%| E|CS|TAMS 0x0000000091b00000, 0x0000000091b00000| Complete 
| 112|0x0000000091c00000, 0x0000000091d00000, 0x0000000091d00000|100%| E|CS|TAMS 0x0000000091c00000, 0x0000000091c00000| Complete 
| 113|0x0000000091d00000, 0x0000000091e00000, 0x0000000091e00000|100%| E|CS|TAMS 0x0000000091d00000, 0x0000000091d00000| Complete 
| 114|0x0000000091e00000, 0x0000000091f00000, 0x0000000091f00000|100%| E|CS|TAMS 0x0000000091e00000, 0x0000000091e00000| Complete 
| 115|0x0000000091f00000, 0x0000000092000000, 0x0000000092000000|100%| E|CS|TAMS 0x0000000091f00000, 0x0000000091f00000| Complete 
| 116|0x0000000092000000, 0x0000000092100000, 0x0000000092100000|100%| E|CS|TAMS 0x0000000092000000, 0x0000000092000000| Complete 
| 117|0x0000000092100000, 0x0000000092200000, 0x0000000092200000|100%| E|CS|TAMS 0x0000000092100000, 0x0000000092100000| Complete 

Card table byte_map: [0x0000014353eb0000,0x0000014354260000] _byte_map_base: 0x0000014353a5a000

Marking Bits (Prev, Next): (CMBitMap*) 0x000001433cd6e9d0, (CMBitMap*) 0x000001433cd6ea10
 Prev Bits: [0x0000014354610000, 0x0000014356360000)
 Next Bits: [0x0000014356360000, 0x00000143580b0000)

Polling page: 0x000001433c4f0000

Metaspace:

Usage:
  Non-class:      6.96 MB used.
      Class:    903.73 KB used.
       Both:      7.84 MB used.

Virtual space:
  Non-class space:        8.00 MB reserved,       7.06 MB ( 88%) committed,  1 nodes.
      Class space:        1.00 GB reserved,       1.00 MB ( <1%) committed,  1 nodes.
             Both:        1.01 GB reserved,       8.06 MB ( <1%) committed. 

Chunk freelists:
   Non-Class:  1010.00 KB
       Class:  3.05 MB
        Both:  4.04 MB

MaxMetaspaceSize: unlimited
CompressedClassSpaceSize: 1.00 GB
Initial GC threshold: 21.00 MB
Current GC threshold: 21.00 MB
CDS: on
MetaspaceReclaimPolicy: balanced
 - commit_granule_bytes: 65536.
 - commit_granule_words: 8192.
 - virtual_space_node_default_size: 1048576.
 - enlarge_chunks_in_place: 1.
 - new_chunks_are_fully_committed: 0.
 - uncommit_free_chunks: 1.
 - use_allocation_guard: 0.
 - handle_deallocations: 1.


Internal statistics:

num_allocs_failed_limit: 0.
num_arena_births: 118.
num_arena_deaths: 0.
num_vsnodes_births: 2.
num_vsnodes_deaths: 0.
num_space_committed: 129.
num_space_uncommitted: 0.
num_chunks_returned_to_freelist: 0.
num_chunks_taken_from_freelist: 171.
num_chunk_merges: 0.
num_chunk_splits: 87.
num_chunks_enlarged: 21.
num_purges: 0.
num_inconsistent_stats: 0.

CodeHeap 'non-profiled nmethods': size=120000Kb used=328Kb max_used=328Kb free=119671Kb
 bounds [0x000001434c070000, 0x000001434c2e0000, 0x00000143535a0000]
CodeHeap 'profiled nmethods': size=120000Kb used=1936Kb max_used=1936Kb free=118063Kb
 bounds [0x00000143445a0000, 0x0000014344810000, 0x000001434bad0000]
CodeHeap 'non-nmethods': size=5760Kb used=1279Kb max_used=1292Kb free=4481Kb
 bounds [0x000001434bad0000, 0x000001434bd40000, 0x000001434c070000]
 total_blobs=1768 nmethods=1162 adapters=519
 compilation: enabled
              stopped_count=0, restarted_count=0
 full_count=0

Compilation events (20 events):
Event: 1.394 Thread 0x000001435acfc420 nmethod 1121 0x0000014344777c10 code [0x0000014344777dc0, 0x0000014344778098]
Event: 1.394 Thread 0x000001435acfc420 1122       3       java.nio.channels.spi.AbstractInterruptibleChannel::<init> (16 bytes)
Event: 1.395 Thread 0x000001435acfc420 nmethod 1122 0x0000014344778190 code [0x0000014344778340, 0x00000143447785b8]
Event: 1.398 Thread 0x000001435acfc420 1124   !   3       sun.nio.cs.UnicodeDecoder::decodeLoop (304 bytes)
Event: 1.398 Thread 0x000001435aceac20 1125       4       java.nio.Buffer::remaining (20 bytes)
Event: 1.399 Thread 0x000001435aceac20 nmethod 1125 0x000001434c0bcb90 code [0x000001434c0bcd00, 0x000001434c0bcd98]
Event: 1.399 Thread 0x000001435aceac20 1126       4       java.nio.Buffer::hasRemaining (17 bytes)
Event: 1.399 Thread 0x000001435aceac20 nmethod 1126 0x000001434c0bce90 code [0x000001434c0bd000, 0x000001434c0bd098]
Event: 1.399 Thread 0x000001435aceac20 1127       4       sun.nio.cs.UnicodeDecoder::decode (24 bytes)
Event: 1.400 Thread 0x000001435aceac20 nmethod 1127 0x000001434c0bd190 code [0x000001434c0bd300, 0x000001434c0bd3b8]
Event: 1.400 Thread 0x000001435aceac20 1128   !   4       sun.font.TrueTypeFont::getTableBuffer (215 bytes)
Event: 1.400 Thread 0x000001435acfc420 nmethod 1124 0x0000014344778690 code [0x0000014344778a00, 0x000001434477a478]
Event: 1.402 Thread 0x000001435acfc420 1129       3       java.util.HashSet::toArray (16 bytes)
Event: 1.402 Thread 0x000001435acfc420 nmethod 1129 0x000001434477ac10 code [0x000001434477adc0, 0x000001434477afd8]
Event: 1.402 Thread 0x000001435acfc420 1130       3       java.util.HashMap::prepareArray (38 bytes)
Event: 1.403 Thread 0x000001435acfc420 nmethod 1130 0x000001434477b090 code [0x000001434477b280, 0x000001434477b898]
Event: 1.406 Thread 0x000001435acfc420 1131       3       java.lang.StringUTF16::newBytesFor (61 bytes)
Event: 1.407 Thread 0x000001435acfc420 nmethod 1131 0x000001434477ba90 code [0x000001434477bd00, 0x000001434477c5e8]
Event: 1.407 Thread 0x000001435acfc420 1132       3       sun.nio.ch.FileChannelImpl::open (16 bytes)
Event: 1.407 Thread 0x000001435acfc420 nmethod 1132 0x000001434477c910 code [0x000001434477cac0, 0x000001434477cc88]

GC Heap History (0 events):
No events

Deoptimization events (20 events):
Event: 0.848 Thread 0x000001433cd183f0 Uncommon trap: trap_request=0xffffffc6 fr.pc=0x000001434c09eb2c relative=0x0000000000000a2c
Event: 0.848 Thread 0x000001433cd183f0 Uncommon trap: reason=bimorphic_or_optimized_type_check action=maybe_recompile pc=0x000001434c09eb2c method=java.util.HashMap.putVal(ILjava/lang/Object;Ljava/lang/Object;ZZ)Ljava/lang/Object; @ 152 c2
Event: 0.848 Thread 0x000001433cd183f0 DEOPT PACKING pc=0x000001434c09eb2c sp=0x000000260fefc6b0
Event: 0.848 Thread 0x000001433cd183f0 DEOPT UNPACKING pc=0x000001434bb223a3 sp=0x000000260fefc5d8 mode 2
Event: 0.848 Thread 0x000001433cd183f0 Uncommon trap: trap_request=0xffffffc6 fr.pc=0x000001434c09eb2c relative=0x0000000000000a2c
Event: 0.848 Thread 0x000001433cd183f0 Uncommon trap: reason=bimorphic_or_optimized_type_check action=maybe_recompile pc=0x000001434c09eb2c method=java.util.HashMap.putVal(ILjava/lang/Object;Ljava/lang/Object;ZZ)Ljava/lang/Object; @ 152 c2
Event: 0.848 Thread 0x000001433cd183f0 DEOPT PACKING pc=0x000001434c09eb2c sp=0x000000260fefc6b0
Event: 0.848 Thread 0x000001433cd183f0 DEOPT UNPACKING pc=0x000001434bb223a3 sp=0x000000260fefc5d8 mode 2
Event: 1.058 Thread 0x000001435c17e570 Uncommon trap: trap_request=0xffffff45 fr.pc=0x000001434c0aebdc relative=0x000000000000049c
Event: 1.058 Thread 0x000001435c17e570 Uncommon trap: reason=unstable_if action=reinterpret pc=0x000001434c0aebdc method=java.lang.StringLatin1.toLowerCase(Ljava/lang/String;[BLjava/util/Locale;)Ljava/lang/String; @ 43 c2
Event: 1.058 Thread 0x000001435c17e570 DEOPT PACKING pc=0x000001434c0aebdc sp=0x00000026120fd1d0
Event: 1.058 Thread 0x000001435c17e570 DEOPT UNPACKING pc=0x000001434bb223a3 sp=0x00000026120fd140 mode 2
Event: 1.357 Thread 0x000001435c17e570 Uncommon trap: trap_request=0xffffff45 fr.pc=0x000001434c07b1b0 relative=0x00000000000001b0
Event: 1.357 Thread 0x000001435c17e570 Uncommon trap: reason=unstable_if action=reinterpret pc=0x000001434c07b1b0 method=java.lang.String.isLatin1()Z @ 10 c2
Event: 1.357 Thread 0x000001435c17e570 DEOPT PACKING pc=0x000001434c07b1b0 sp=0x00000026120fcfe0
Event: 1.357 Thread 0x000001435c17e570 DEOPT UNPACKING pc=0x000001434bb223a3 sp=0x00000026120fcf10 mode 2
Event: 1.398 Thread 0x000001435c17e570 Uncommon trap: trap_request=0xffffff45 fr.pc=0x000001434c0bb030 relative=0x00000000000003f0
Event: 1.398 Thread 0x000001435c17e570 Uncommon trap: reason=unstable_if action=reinterpret pc=0x000001434c0bb030 method=java.lang.Character.isSurrogate(C)Z @ 3 c2
Event: 1.398 Thread 0x000001435c17e570 DEOPT PACKING pc=0x000001434c0bb030 sp=0x00000026120fccd0
Event: 1.398 Thread 0x000001435c17e570 DEOPT UNPACKING pc=0x000001434bb223a3 sp=0x00000026120fcbe8 mode 2

Classes unloaded (0 events):
No events

Classes redefined (0 events):
No events

Internal exceptions (17 events):
Event: 0.141 Thread 0x000001433cd183f0 Exception <a 'sun/nio/fs/WindowsException'{0x000000009203f6c0}> (0x000000009203f6c0) 
thrown [s\open\src\hotspot\share\prims\jni.cpp, line 516]
Event: 0.142 Thread 0x000001433cd183f0 Exception <a 'sun/nio/fs/WindowsException'{0x000000009203fc68}> (0x000000009203fc68) 
thrown [s\open\src\hotspot\share\prims\jni.cpp, line 516]
Event: 0.145 Thread 0x000001433cd183f0 Exception <a 'sun/nio/fs/WindowsException'{0x0000000092042188}> (0x0000000092042188) 
thrown [s\open\src\hotspot\share\prims\jni.cpp, line 516]
Event: 0.145 Thread 0x000001433cd183f0 Exception <a 'sun/nio/fs/WindowsException'{0x0000000092042ce8}> (0x0000000092042ce8) 
thrown [s\open\src\hotspot\share\prims\jni.cpp, line 516]
Event: 0.199 Thread 0x000001433cd183f0 Exception <a 'java/lang/ClassNotFoundException'{0x00000000920e4258}: sun/awt/resources/spi/awtProvider> (0x00000000920e4258) 
thrown [s\open\src\hotspot\share\classfile\systemDictionary.cpp, line 256]
Event: 0.237 Thread 0x000001433cd183f0 Exception <a 'java/io/FileNotFoundException'{0x0000000091f36e30}> (0x0000000091f36e30) 
thrown [s\open\src\hotspot\share\prims\jni.cpp, line 516]
Event: 0.251 Thread 0x000001433cd183f0 Exception <a 'java/io/FileNotFoundException'{0x0000000091f63d58}> (0x0000000091f63d58) 
thrown [s\open\src\hotspot\share\prims\jni.cpp, line 516]
Event: 0.323 Thread 0x000001433cd183f0 Exception <a 'java/lang/NoSuchMethodError'{0x0000000091fa80b0}: 'java.lang.Object java.lang.invoke.DirectMethodHandle$Holder.invokeStaticInit(java.lang.Object)'> (0x0000000091fa80b0) 
thrown [s\open\src\hotspot\share\interpreter\linkResolver.cpp, line 759]
Event: 0.500 Thread 0x000001433cd183f0 Exception <a 'java/lang/NoSuchMethodError'{0x0000000091e06bd8}: 'void java.lang.invoke.DirectMethodHandle$Holder.invokeSpecial(java.lang.Object, java.lang.Object, java.lang.Object)'> (0x0000000091e06bd8) 
thrown [s\open\src\hotspot\share\interpreter\linkResolver.cpp, line 759]
Event: 0.514 Thread 0x000001433cd183f0 Exception <a 'java/lang/NoSuchMethodError'{0x0000000091e30d78}: 'java.lang.Object java.lang.invoke.DirectMethodHandle$Holder.newInvokeSpecial(java.lang.Object, java.lang.Object, java.lang.Object, java.lang.Object, java.lang.Object)'> (0x0000000091e30d78) 
thrown [s\open\src\hotspot\share\interpreter\linkResolver.cpp, line 759]
Event: 0.518 Thread 0x000001433cd183f0 Exception <a 'java/lang/NoSuchMethodError'{0x0000000091e3c740}: 'java.lang.Object java.lang.invoke.DirectMethodHandle$Holder.invokeStatic(java.lang.Object, int, java.lang.Object, java.lang.Object, java.lang.Object, java.lang.Object)'> (0x0000000091e3c740) 
thrown [s\open\src\hotspot\share\interpreter\linkResolver.cpp, line 759]
Event: 0.527 Thread 0x000001433cd183f0 Exception <a 'java/lang/NoSuchMethodError'{0x0000000091e61f00}: 'java.lang.Object java.lang.invoke.DirectMethodHandle$Holder.invokeStatic(java.lang.Object, int, java.lang.Object)'> (0x0000000091e61f00) 
thrown [s\open\src\hotspot\share\interpreter\linkResolver.cpp, line 759]
Event: 0.573 Thread 0x000001433cd183f0 Exception <a 'java/lang/ClassNotFoundException'{0x0000000091d1a010}: com/sun/swing/internal/plaf/metal/resources/spi/metalProvider> (0x0000000091d1a010) 
thrown [s\open\src\hotspot\share\classfile\systemDictionary.cpp, line 256]
Event: 0.574 Thread 0x000001433cd183f0 Exception <a 'java/lang/ClassNotFoundException'{0x0000000091d1deb8}: com/sun/swing/internal/plaf/basic/resources/spi/basicProvider> (0x0000000091d1deb8) 
thrown [s\open\src\hotspot\share\classfile\systemDictionary.cpp, line 256]
Event: 0.686 Thread 0x000001435c139070 Exception <a 'java/lang/NoSuchMethodError'{0x0000000091cef548}: 'java.lang.Object java.lang.invoke.DirectMethodHandle$Holder.newInvokeSpecial(java.lang.Object, java.lang.Object, java.lang.Object, int, int, int, int, int)'> (0x0000000091cef548) 
thrown [s\open\src\hotspot\share\interpreter\linkResolver.cpp, line 759]
Event: 0.780 Thread 0x000001435bac9bb0 Exception <a 'java/lang/NoSuchMethodError'{0x0000000091ffc180}: 'void java.lang.invoke.DirectMethodHandle$Holder.invokeVirtual(java.lang.Object, java.lang.Object)'> (0x0000000091ffc180) 
thrown [s\open\src\hotspot\share\interpreter\linkResolver.cpp, line 759]
Event: 0.808 Thread 0x000001433cd183f0 Exception <a 'java/lang/NoSuchMethodError'{0x00000000919135f8}: 'void java.lang.invoke.DirectMethodHandle$Holder.invokeStaticInit(java.lang.Object)'> (0x00000000919135f8) 
thrown [s\open\src\hotspot\share\interpreter\linkResolver.cpp, line 759]

VM Operations (8 events):
Event: 0.147 Executing VM operation: HandshakeAllThreads
Event: 0.147 Executing VM operation: HandshakeAllThreads done
Event: 0.741 Executing VM operation: HandshakeAllThreads
Event: 0.741 Executing VM operation: HandshakeAllThreads done
Event: 0.848 Executing VM operation: HandshakeAllThreads
Event: 0.848 Executing VM operation: HandshakeAllThreads done
Event: 0.976 Executing VM operation: HandshakeAllThreads
Event: 0.977 Executing VM operation: HandshakeAllThreads done

Events (20 events):
Event: 1.017 loading class javax/swing/text/Segment done
Event: 1.017 loading class javax/swing/text/SegmentCache$CachedSegment done
Event: 1.018 loading class javax/swing/text/Utilities
Event: 1.018 loading class javax/swing/text/Utilities done
Event: 1.020 loading class javax/swing/event/ChangeEvent
Event: 1.020 loading class javax/swing/event/ChangeEvent done
Event: 1.020 loading class java/applet/Applet
Event: 1.020 loading class java/awt/Panel
Event: 1.020 loading class java/awt/Panel done
Event: 1.020 loading class java/applet/Applet done
Event: 1.021 loading class sun/font/SunFontManager$FamilyDescription
Event: 1.021 loading class sun/font/SunFontManager$FamilyDescription done
Event: 1.059 loading class sun/font/SunFontManager$4
Event: 1.059 loading class sun/font/SunFontManager$4 done
Event: 1.088 loading class sun/font/SunFontManager$9
Event: 1.088 loading class sun/font/SunFontManager$9 done
Event: 1.089 loading class sun/font/SunFontManager$10
Event: 1.089 loading class sun/font/SunFontManager$10 done
Event: 1.359 loading class jdk/internal/access/foreign/MemorySegmentProxy
Event: 1.359 loading class jdk/internal/access/foreign/MemorySegmentProxy done


Dynamic libraries:
0x00007ff714cf0000 - 0x00007ff714d00000 	C:\Program Files\Java\jdk-17\bin\java.exe
0x00007ff833a70000 - 0x00007ff833c87000 	C:\windows\SYSTEM32\ntdll.dll
0x00007ff831e40000 - 0x00007ff831f04000 	C:\windows\System32\KERNEL32.DLL
0x00007ff8312b0000 - 0x00007ff831656000 	C:\windows\System32\KERNELBASE.dll
0x00007ff830f30000 - 0x00007ff831041000 	C:\windows\System32\ucrtbase.dll
0x00007ff828470000 - 0x00007ff828489000 	C:\Program Files\Java\jdk-17\bin\jli.dll
0x00007ff8317c0000 - 0x00007ff831871000 	C:\windows\System32\ADVAPI32.dll
0x00007ff8324b0000 - 0x00007ff832557000 	C:\windows\System32\msvcrt.dll
0x00007ff832670000 - 0x00007ff832715000 	C:\windows\System32\sechost.dll
0x00007ff831a80000 - 0x00007ff831b97000 	C:\windows\System32\RPCRT4.dll
0x00007ff82b1a0000 - 0x00007ff82b1bb000 	C:\Program Files\Java\jdk-17\bin\VCRUNTIME140.dll
0x00007ff831880000 - 0x00007ff831a2e000 	C:\windows\System32\USER32.dll
0x00007ff830f00000 - 0x00007ff830f26000 	C:\windows\System32\win32u.dll
0x00007ff831c10000 - 0x00007ff831c39000 	C:\windows\System32\GDI32.dll
0x00007ff830de0000 - 0x00007ff830ef8000 	C:\windows\System32\gdi32full.dll
0x00007ff831660000 - 0x00007ff8316fa000 	C:\windows\System32\msvcp_win.dll
0x00007ff81a680000 - 0x00007ff81a913000 	C:\windows\WinSxS\amd64_microsoft.windows.common-controls_6595b64144ccf1df_6.0.22621.2506_none_270c5ae97388e100\COMCTL32.dll
0x00007ff827500000 - 0x00007ff82750a000 	C:\windows\SYSTEM32\VERSION.dll
0x00007ff833960000 - 0x00007ff833991000 	C:\windows\System32\IMM32.DLL
0x00007ff81d1b0000 - 0x00007ff81d1bc000 	C:\Program Files\Java\jdk-17\bin\vcruntime140_1.dll
0x00007fffb8880000 - 0x00007fffb890e000 	C:\Program Files\Java\jdk-17\bin\msvcp140.dll
0x00007fff8c1e0000 - 0x00007fff8cdbd000 	C:\Program Files\Java\jdk-17\bin\server\jvm.dll
0x00007ff833950000 - 0x00007ff833958000 	C:\windows\System32\PSAPI.DLL
0x00007ff82b1c0000 - 0x00007ff82b1c9000 	C:\windows\SYSTEM32\WSOCK32.dll
0x00007ff828ec0000 - 0x00007ff828ef4000 	C:\windows\SYSTEM32\WINMM.dll
0x00007ff832010000 - 0x00007ff832081000 	C:\windows\System32\WS2_32.dll
0x00007ff82fde0000 - 0x00007ff82fdf8000 	C:\windows\SYSTEM32\kernel.appcore.dll
0x00007ff81c740000 - 0x00007ff81c74a000 	C:\Program Files\Java\jdk-17\bin\jimage.dll
0x00007ff81e5d0000 - 0x00007ff81e803000 	C:\windows\SYSTEM32\DBGHELP.DLL
0x00007ff832f80000 - 0x00007ff833309000 	C:\windows\System32\combase.dll
0x00007ff832140000 - 0x00007ff832217000 	C:\windows\System32\OLEAUT32.dll
0x00007ff814ff0000 - 0x00007ff815022000 	C:\windows\SYSTEM32\dbgcore.DLL
0x00007ff831050000 - 0x00007ff8310ca000 	C:\windows\System32\bcryptPrimitives.dll
0x00007ff8173e0000 - 0x00007ff817405000 	C:\Program Files\Java\jdk-17\bin\java.dll
0x00007fff95190000 - 0x00007fff95267000 	C:\Program Files\Java\jdk-17\bin\jsvml.dll
0x00007ff832720000 - 0x00007ff832f7a000 	C:\windows\System32\SHELL32.dll
0x00007ff82ecb0000 - 0x00007ff82f5a6000 	C:\windows\SYSTEM32\windows.storage.dll
0x00007ff82eb70000 - 0x00007ff82ecae000 	C:\windows\SYSTEM32\wintypes.dll
0x00007ff832560000 - 0x00007ff832653000 	C:\windows\System32\SHCORE.dll
0x00007ff832220000 - 0x00007ff83227e000 	C:\windows\System32\shlwapi.dll
0x00007ff830d10000 - 0x00007ff830d36000 	C:\windows\SYSTEM32\profapi.dll
0x00007fffd04d0000 - 0x00007fffd04e9000 	C:\Program Files\Java\jdk-17\bin\net.dll
0x00007ff82b050000 - 0x00007ff82b187000 	C:\windows\SYSTEM32\WINHTTP.dll
0x00007ff830260000 - 0x00007ff8302c9000 	C:\windows\system32\mswsock.dll
0x00007fffd04b0000 - 0x00007fffd04c6000 	C:\Program Files\Java\jdk-17\bin\nio.dll
0x00007fff8e410000 - 0x00007fff8e5a1000 	C:\Program Files\Java\jdk-17\bin\awt.dll
0x00007ff82e0d0000 - 0x00007ff82e167000 	C:\windows\SYSTEM32\apphelp.dll
0x00007ff82e500000 - 0x00007ff82e52b000 	C:\windows\system32\DWMAPI.DLL
0x00007ff82e280000 - 0x00007ff82e32b000 	C:\windows\system32\uxtheme.dll
0x00007fff94e00000 - 0x00007fff94f00000 	C:\windows\system32\opengl32.dll
0x00007fffd00d0000 - 0x00007fffd00fd000 	C:\windows\SYSTEM32\GLU32.dll
0x00007ff82e3b0000 - 0x00007ff82e3e6000 	C:\windows\SYSTEM32\dxcore.dll
0x00007ff832360000 - 0x00007ff8324b0000 	C:\windows\System32\MSCTF.dll
0x00007ff833330000 - 0x00007ff8334d0000 	C:\windows\System32\ole32.dll
0x00007fffd8940000 - 0x00007fffd8ae9000 	C:\windows\system32\d3d9.dll
0x00007ff826960000 - 0x00007ff826b1b000 	C:\windows\System32\DriverStore\FileRepository\u0387389.inf_amd64_995be970e30b8c79\B385477\aticfx64.dll
0x00007fffd8900000 - 0x00007fffd8934000 	C:\windows\System32\DriverStore\FileRepository\u0387389.inf_amd64_995be970e30b8c79\B385477\atiu9p64.dll
0x00007fffd7ba0000 - 0x00007fffd88f5000 	C:\windows\System32\DriverStore\FileRepository\u0387389.inf_amd64_995be970e30b8c79\B385477\atiumd64.dll
0x000000005d0e0000 - 0x000000005e007000 	C:\windows\System32\DriverStore\FileRepository\u0387389.inf_amd64_995be970e30b8c79\B385477\atiumd6a.dll
0x00007ff8334d0000 - 0x00007ff833944000 	C:\windows\System32\SETUPAPI.dll
0x00007ff830870000 - 0x00007ff8308bd000 	C:\windows\SYSTEM32\POWRPROF.dll
0x00007ff830720000 - 0x00007ff830733000 	C:\windows\SYSTEM32\UMPDC.dll
0x00007ff8289d0000 - 0x00007ff828a05000 	C:\windows\SYSTEM32\amdihk64.dll
0x00007ff82a580000 - 0x00007ff82a5ca000 	C:\windows\SYSTEM32\directxdatabasehelper.dll
0x00007ff8283f0000 - 0x00007ff828408000 	C:\Program Files\Java\jdk-17\bin\zip.dll
0x00007ff81b450000 - 0x00007ff81b47e000 	C:\Program Files\Java\jdk-17\bin\javajpeg.dll
0x00007fffb8540000 - 0x00007fffb85c6000 	C:\Program Files\Java\jdk-17\bin\freetype.dll
0x00007fff8c110000 - 0x00007fff8c1d5000 	C:\Program Files\Java\jdk-17\bin\fontmanager.dll
0x00007ff832090000 - 0x00007ff832140000 	C:\windows\System32\clbcatq.dll
0x00007ff82c8e0000 - 0x00007ff82ca90000 	C:\windows\SYSTEM32\WindowsCodecs.dll
0x00007ff811b60000 - 0x00007ff811bbe000 	C:\windows\system32\dataexchange.dll
0x00007ff82a5d0000 - 0x00007ff82a855000 	C:\windows\system32\twinapi.appcore.dll
0x00007ff81ac80000 - 0x00007ff81adca000 	C:\windows\SYSTEM32\textinputframework.dll

dbghelp: loaded successfully - version: 4.0.5 - missing functions: none
symbol engine: initialized successfully - sym options: 0x614 - pdb path: .;C:\Program Files\Java\jdk-17\bin;C:\windows\SYSTEM32;C:\windows\WinSxS\amd64_microsoft.windows.common-controls_6595b64144ccf1df_6.0.22621.2506_none_270c5ae97388e100;C:\Program Files\Java\jdk-17\bin\server;C:\windows\System32\DriverStore\FileRepository\u0387389.inf_amd64_995be970e30b8c79\B385477

VM Arguments:
jvm_args: -Dfile.encoding=UTF-8 --module-path=C:\Users\Aksha\OneDrive\Documents\NetBeansProjects\bank managment system\build\classes 
java_command: bank.managment.system.Login
java_class_path (initial): C:\Users\Aksha\OneDrive\Documents\NetBeansProjects\bank managment system\build\classes
Launcher Type: SUN_STANDARD

[Global flags]
     intx CICompilerCount                          = 4                                         {product} {ergonomic}
     uint ConcGCThreads                            = 3                                         {product} {ergonomic}
     uint G1ConcRefinementThreads                  = 10                                        {product} {ergonomic}
   size_t G1HeapRegionSize                         = 1048576                                   {product} {ergonomic}
    uintx GCDrainStackTargetSize                   = 64                                        {product} {ergonomic}
   size_t InitialHeapSize                          = 123731968                                 {product} {ergonomic}
   size_t MarkStackSize                            = 4194304                                   {product} {ergonomic}
   size_t MaxHeapSize                              = 1967128576                                {product} {ergonomic}
   size_t MaxNewSize                               = 1179648000                                {product} {ergonomic}
   size_t MinHeapDeltaBytes                        = 1048576                                   {product} {ergonomic}
   size_t MinHeapSize                              = 8388608                                   {product} {ergonomic}
    uintx NonNMethodCodeHeapSize                   = 5839372                                {pd product} {ergonomic}
    uintx NonProfiledCodeHeapSize                  = 122909434                              {pd product} {ergonomic}
    uintx ProfiledCodeHeapSize                     = 122909434                              {pd product} {ergonomic}
    uintx ReservedCodeCacheSize                    = 251658240                              {pd product} {ergonomic}
     bool SegmentedCodeCache                       = true                                      {product} {ergonomic}
   size_t SoftMaxHeapSize                          = 1967128576                             {manageable} {ergonomic}
     bool UseCompressedClassPointers               = true                           {product lp64_product} {ergonomic}
     bool UseCompressedOops                        = true                           {product lp64_product} {ergonomic}
     bool UseG1GC                                  = true                                      {product} {ergonomic}
     bool UseLargePagesIndividualAllocation        = false                                  {pd product} {ergonomic}

Logging:
Log output configuration:
 #0: stdout all=warning uptime,level,tags
 #1: stderr all=off uptime,level,tags

Environment Variables:
PATH=C:\Program Files\Common Files\Oracle\Java\javapath;C:\windows\system32;C:\windows;C:\windows\System32\Wbem;C:\windows\System32\WindowsPowerShell\v1.0\;C:\windows\System32\OpenSSH\;C:\Program Files\Java\jdk-17\bin;C:\Program Files\MySQL\MySQL Shell 8.0\bin\;C:\Users\Aksha\AppData\Local\Programs\Python\Python37-32\Scripts\;C:\Users\Aksha\AppData\Local\Programs\Python\Python37-32\;C:\Users\Aksha\AppData\Local\Microsoft\WindowsApps;C:\Users\Aksha\AppData\Local\Programs\Microsoft VS Code\bin;C:\Program Files\Java\jdk-17\bin;
USERNAME=Aksha
OS=Windows_NT
PROCESSOR_IDENTIFIER=AMD64 Family 23 Model 104 Stepping 1, AuthenticAMD



---------------  S Y S T E M  ---------------

OS:
 Windows 11 , 64 bit Build 22621 (10.0.22621.2506)
OS uptime: 2 days 19:48 hours
Hyper-V role detected

CPU: total 12 (initial active 12) (12 cores per cpu, 2 threads per core) family 23 model 104 stepping 1 microcode 0x0, cx8, cmov, fxsr, ht, mmx, 3dnowpref, sse, sse2, sse3, ssse3, sse4a, sse4.1, sse4.2, popcnt, lzcnt, tsc, tscinvbit, avx, avx2, aes, clmul, bmi1, bmi2, adx, sha, fma, vzeroupper, clflush, clflushopt, hv

Memory: 4k page, system-wide physical 7502M (556M free)
TotalPageFile size 30030M (AvailPageFile size 4M)
current process WorkingSet (physical memory assigned to process): 83M, peak: 83M
current process commit charge ("private bytes"): 246M, peak: 247M

vm_info: Java HotSpot(TM) 64-Bit Server VM (17.0.7+8-LTS-224) for windows-amd64 JRE (17.0.7+8-LTS-224), built on Feb 28 2023 23:03:02 by "mach5one" with MS VC++ 17.1 (VS2022)

END.
